10/28/2019
9:24:16 AM System loaded game
9:24:40 AM System saved game
9:26:39 AM System loaded game
9:26:40 AM System saved game
9:27:06 AM System loaded game
9:27:27 AM User set random number
9:27:28 AM User set random text
9:27:33 AM System saved game
9:28:21 AM System loaded game
9:28:32 AM User saved game
9:29:11 AM System saved game
9:41:54 AM System loaded game
9:41:59 AM User set random number
9:42:00 AM User set random text
9:42:01 AM User set random text
9:42:03 AM User saved game
9:42:07 AM System saved game
9:42:10 AM System loaded game
9:42:17 AM User saved game
9:42:18 AM System saved game
9:42:22 AM System loaded game
9:42:26 AM System saved game
