24/10/2019
09:43:47 User set random number
09:43:50 User set random number
09:43:51 User set random text
10:10:34 User set random number
10:10:36 User set random text
10:10:38 User saved game
10:10:54 User set random text
10:10:56 User set random number
10:10:57 User loaded game
10:11:02 User set random text
10:11:02 User set random number
10:11:03 User loaded game
10:17:09 System loaded game
10:17:21 User set random number
10:17:21 User set random text
10:17:22 User set random text
10:17:23 User set random number
10:17:24 User set random number
10:17:25 User set random number
10:17:27 User saved game
10:17:34 System loaded game
10:22:09 System loaded game
10:29:07 System loaded game
10:29:10 User set random number
10:29:11 User set random text
10:29:14 System saved game
10:29:17 System loaded game
10:29:24 System saved game
10:29:28 System loaded game
10:29:30 System saved game
10:30:11 System loaded game
10:30:13 User set random number
10:30:13 User set random number
10:30:13 User set random text
10:30:18 User loaded game
10:30:19 User set random number
10:30:19 User set random number
10:30:20 User set random text
10:30:20 User set random text
10:30:26 System saved game
10:30:29 System loaded game
10:30:32 System saved game
17:24:40 System loaded game
17:24:45 User set random number
17:24:45 User set random text
17:24:49 System saved game
17:24:53 System loaded game
17:24:55 System saved game
17:27:39 System loaded game
17:27:40 User set random number
17:27:40 User set random text
17:27:42 System saved game
