09/12/2019
13:25:51 System loaded game
13:25:55 User clicked button SprookjesRPGToTestTypeChoice
13:25:57 User clicked button SprookjesRPGBack
13:26:06 User clicked button SprookjesRPGBack
13:26:11 User clicked button SprookjesRPGBack
13:26:15 User clicked button SprookjesRPGBack
13:26:17 System saved game
13:29:24 System loaded game
13:29:34 User clicked button SprookjesRPGBack
13:29:37 User clicked button SprookjesRPGBack
13:29:38 User clicked button SprookjesRPGToTestTypeChoice
13:29:41 User clicked button SprookjesRPGBack
13:29:43 User clicked button SprookjesRPGBack
13:29:47 System saved game
13:30:40 System loaded game
13:30:46 User clicked button SprookjesRPGBack
13:30:49 System saved game
13:31:18 System loaded game
13:31:23 System saved game
13:31:30 System loaded game
13:31:32 User clicked button SprookjesRPGToTestTypeChoice
13:31:35 User clicked button SprookjesRPGBack
13:31:37 System saved game
