02/11/2019
11:06:30 System loaded game
11:06:33 System entered node Start
11:06:33 System entered node Character
11:06:36 User clicked button FastRPGToMap
11:06:36 System entered node Main Map
11:06:38 User clicked button FastRPGToTraining
11:06:38 System entered node Trainer
11:06:41 System entered node TrainerResult
11:06:44 User clicked button FastRPGCancel
11:06:44 System entered node Character
11:06:46 User clicked button FastRPGToMap
11:06:46 System entered node Main Map
11:06:47 User clicked button FastRPGToControlTest
11:06:47 System entered node BrokerControlTest
11:06:48 System entered node ResultControlTest
11:06:53 User clicked button FastRPGCancel
11:06:53 System entered node Character
11:06:54 User clicked button FastRPGToMap
11:06:54 System entered node Main Map
11:06:56 User clicked button FastRPGToControlTest
11:06:56 System entered node BrokerControlTest
11:06:58 User clicked button FastRPGCancel
11:06:58 System entered node Character
11:06:59 User clicked button FastRPGToMap
11:06:59 System entered node Main Map
11:07:01 User clicked button FastRPGToSkillTest
11:07:02 System entered node BrokerSkillTest
11:07:04 User clicked button FastRPGAccept
11:07:04 System entered node ResultSkillTest
11:07:08 User clicked button FastRPGCancel
11:07:08 System entered node Character
11:07:10 User clicked button FastRPGToMap
11:07:10 System entered node Main Map
11:07:12 User clicked button FastRPGToFood
11:07:12 System entered node Cook
11:07:14 System entered node CookResult
11:07:18 User clicked button FastRPGCancel
11:07:18 System entered node Character
11:07:19 User clicked button FastRPGToMap
11:07:19 System entered node Main Map
11:07:22 User clicked button FastRPGToTraining
11:07:22 System entered node Trainer
11:07:22 System entered node TrainerResult
11:07:26 User clicked button FastRPGCancel
11:07:26 System entered node Character
11:07:28 User clicked button FastRPGToMap
11:07:28 System entered node Main Map
11:07:30 User clicked button FastRPGToControlTest
11:07:30 System entered node BrokerControlTest
11:07:31 System entered node ResultControlTest
11:07:35 User clicked button FastRPGCancel
11:07:35 System entered node Character
11:07:42 User clicked button FastRPGToMap
11:07:42 System entered node Main Map
11:07:46 User clicked button FastRPGToSkillTest
11:07:46 System entered node BrokerSkillTest
11:07:48 User clicked button FastRPGAccept
11:07:48 System entered node ResultSkillTest
11:07:54 User clicked button CustomOk
11:08:00 User clicked button CustomOk
11:08:01 User clicked button FastRPGCancel
11:08:01 System entered node Character
11:08:02 User clicked button FastRPGToMap
11:08:02 System entered node Main Map
11:08:03 User clicked button FastRPGToTraining
11:08:03 System entered node Trainer
11:08:05 System entered node TrainerResult
11:08:08 User clicked button FastRPGCancel
11:08:08 System entered node Character
11:08:09 User clicked button FastRPGToMap
11:08:09 System entered node Main Map
11:08:11 User clicked button FastRPGToControlTest
11:08:11 System entered node BrokerControlTest
11:08:13 System entered node ResultControlTest
11:08:17 User clicked button FastRPGCancel
11:08:17 System entered node Character
11:08:19 System saved game
11:31:43 System loaded game
11:31:46 System entered node Start
11:31:46 System entered node Character
11:31:48 System saved game
11:41:44 System loaded game
11:41:45 System entered node Start
11:41:45 System entered node Character
11:41:47 User clicked button FastRPGToMap
11:41:47 System entered node Main Map
11:41:51 User clicked button FastRPGCancel
11:41:51 System entered node Character
11:41:52 User clicked button FastRPGToMap
11:41:52 System entered node Main Map
11:41:54 User clicked button FastRPGCancel
11:41:54 System entered node Character
11:41:55 User clicked button FastRPGToMap
11:41:55 System entered node Main Map
11:42:00 User clicked button FastRPGCancel
11:42:00 System entered node Character
11:42:01 User clicked button FastRPGToMap
11:42:01 System entered node Main Map
11:42:02 User clicked button FastRPGCancel
11:42:02 System entered node Character
11:42:03 System saved game
11:42:55 System loaded game
11:42:56 System entered node Start
11:42:56 System entered node Character
11:42:57 User clicked button FastRPGToMap
11:42:57 System entered node Main Map
11:42:58 User clicked button FastRPGCancel
11:42:58 System entered node Character
11:43:03 User clicked button FastRPGToMap
11:43:03 System entered node Main Map
11:43:04 User clicked button FastRPGCancel
11:43:04 System entered node Character
11:43:06 System saved game
11:54:28 System loaded game
11:54:30 System entered node Start
11:54:30 System entered node Character
11:54:32 User clicked button FastRPGToMap
11:54:32 System entered node Main Map
11:54:35 User clicked button FastRPGToFood
11:54:35 System entered node Cook
11:54:46 System saved game
11:55:31 System loaded game
11:55:32 System entered node Start
11:55:32 System entered node Character
11:55:33 User clicked button FastRPGToMap
11:55:33 System entered node Main Map
11:55:34 User clicked button FastRPGToFood
11:55:34 System entered node Cook
11:55:41 System saved game
12:00:30 System loaded game
12:00:31 System entered node Start
12:00:31 System entered node Character
12:00:32 User clicked button FastRPGToMap
12:00:32 System entered node Main Map
12:00:33 User clicked button FastRPGToFood
12:00:33 System entered node Cook
12:00:43 System saved game
12:01:15 System loaded game
12:01:16 System entered node Start
12:01:16 System entered node Character
12:01:19 User clicked button FastRPGToMap
12:01:19 System entered node Main Map
12:01:20 User clicked button FastRPGToFood
12:01:20 System entered node Cook
12:01:23 System entered node CookResult
12:01:29 User clicked button FastRPGCancel
12:01:29 System entered node Character
12:01:31 User clicked button FastRPGToMap
12:01:31 System entered node Main Map
12:01:33 User clicked button FastRPGCancel
12:01:33 System entered node Character
12:01:34 User clicked button FastRPGToMap
12:01:34 System entered node Main Map
12:01:35 User clicked button FastRPGToFood
12:01:35 System entered node Cook
12:01:44 System saved game
12:04:06 System loaded game
12:04:07 System entered node Start
12:04:07 System entered node Character
12:04:08 User clicked button FastRPGToMap
12:04:08 System entered node Main Map
12:04:11 User clicked button FastRPGToFood
12:04:11 System entered node Cook
12:04:12 User clicked button FastRPGCancel
12:04:12 System entered node Character
12:04:14 User clicked button FastRPGToMap
12:04:14 System entered node Main Map
12:04:15 User clicked button FastRPGToFood
12:04:15 System entered node Cook
12:04:16 User clicked button FastRPGCancel
12:04:16 System entered node Character
12:04:17 User clicked button FastRPGToMap
12:04:17 System entered node Main Map
12:04:18 User clicked button FastRPGToFood
12:04:18 System entered node Cook
12:04:20 System saved game
12:05:16 System loaded game
12:05:17 System entered node Start
12:05:17 System entered node Character
12:05:18 User clicked button FastRPGToMap
12:05:18 System entered node Main Map
12:05:20 User clicked button FastRPGToFood
12:05:20 System entered node Cook
12:05:23 User clicked button FastRPGCancel
12:05:23 System entered node Character
12:05:24 User clicked button FastRPGToMap
12:05:24 System entered node Main Map
12:05:25 User clicked button FastRPGToFood
12:05:25 System entered node Cook
12:05:28 System saved game
12:05:50 System loaded game
12:05:51 System entered node Start
12:05:51 System entered node Character
12:05:52 User clicked button FastRPGToMap
12:05:52 System entered node Main Map
12:05:53 User clicked button FastRPGToFood
12:05:53 System entered node Cook
12:05:55 User clicked button FastRPGCancel
12:05:55 System entered node Character
12:05:56 User clicked button FastRPGToMap
12:05:56 System entered node Main Map
12:05:57 User clicked button FastRPGToFood
12:05:57 System entered node Cook
12:05:58 User clicked button FastRPGCancel
12:05:58 System entered node Character
12:06:00 User clicked button FastRPGToMap
12:06:00 System entered node Main Map
12:06:01 User clicked button FastRPGToFood
12:06:01 System entered node Cook
12:06:02 User clicked button FastRPGCancel
12:06:02 System entered node Character
12:06:03 User clicked button FastRPGToMap
12:06:03 System entered node Main Map
12:06:04 User clicked button FastRPGToFood
12:06:04 System entered node Cook
12:06:06 User clicked button FastRPGCancel
12:06:06 System entered node Character
12:06:07 User clicked button FastRPGToMap
12:06:07 System entered node Main Map
12:06:07 User clicked button FastRPGCancel
12:06:07 System entered node Character
12:06:08 User clicked button FastRPGToMap
12:06:08 System entered node Main Map
12:06:11 User clicked button FastRPGToFood
12:06:11 System entered node Cook
12:06:13 User clicked button FastRPGCancel
12:06:13 System entered node Character
12:06:14 User clicked button FastRPGToMap
12:06:14 System entered node Main Map
12:06:15 User clicked button FastRPGToFood
12:06:15 System entered node Cook
12:06:19 User clicked button FastRPGCancel
12:06:19 System entered node Character
12:06:20 User clicked button FastRPGToMap
12:06:20 System entered node Main Map
12:06:22 User clicked button FastRPGToFood
12:06:22 System entered node Cook
12:06:26 User clicked button FastRPGCancel
12:06:26 System entered node Character
12:06:28 User clicked button FastRPGToMap
12:06:28 System entered node Main Map
12:06:29 User clicked button FastRPGToFood
12:06:29 System entered node Cook
12:06:34 User clicked button FastRPGCancel
12:06:34 System entered node Character
12:06:36 System saved game
12:16:03 System loaded game
12:16:04 System entered node Start
12:16:04 System entered node Character
12:16:05 User clicked button FastRPGToMap
12:16:05 System entered node Main Map
12:16:07 User clicked button FastRPGToFood
12:16:07 System entered node Cook
12:16:11 System entered node CookResult
12:16:18 System saved game
12:27:02 System loaded game
12:27:04 System entered node Start
12:27:04 System entered node Character
12:27:14 User clicked button FastRPGToMap
12:27:14 System entered node Main Map
12:27:15 User clicked button FastRPGCancel
12:27:15 System entered node Character
12:27:16 User clicked button FastRPGToMap
12:27:16 System entered node Main Map
12:27:17 User clicked button FastRPGCancel
12:27:17 System entered node Character
12:27:20 User clicked button FastRPGToMap
12:27:20 System entered node Main Map
12:27:21 User clicked button FastRPGCancel
12:27:21 System entered node Character
12:27:23 User clicked button FastRPGToMap
12:27:23 System entered node Main Map
12:27:24 User clicked button FastRPGCancel
12:27:24 System entered node Character
12:27:25 User clicked button FastRPGToMap
12:27:25 System entered node Main Map
12:27:27 User clicked button FastRPGCancel
12:27:27 System entered node Character
12:27:28 User clicked button FastRPGToMap
12:27:28 System entered node Main Map
12:27:29 User clicked button FastRPGCancel
12:27:29 System entered node Character
12:27:31 System saved game
12:28:45 System loaded game
12:28:46 System entered node Start
12:28:46 System entered node Character
12:28:47 User clicked button FastRPGToMap
12:28:47 System entered node Main Map
12:28:49 User clicked button FastRPGCancel
12:28:49 System entered node Character
12:28:50 User clicked button FastRPGToMap
12:28:50 System entered node Main Map
12:28:51 User clicked button FastRPGCancel
12:28:51 System entered node Character
12:28:52 User clicked button FastRPGToMap
12:28:52 System entered node Main Map
12:28:54 User clicked button FastRPGCancel
12:28:54 System entered node Character
12:28:55 User clicked button FastRPGToMap
12:28:55 System entered node Main Map
12:28:58 User clicked button FastRPGToFood
12:28:58 System entered node Cook
12:28:59 User clicked button FastRPGCancel
12:28:59 System entered node Character
12:29:00 User clicked button FastRPGToMap
12:29:00 System entered node Main Map
12:29:03 User clicked button FastRPGCancel
12:29:03 System entered node Character
12:29:06 System saved game
12:32:02 System loaded game
12:32:03 System entered node Start
12:32:03 System entered node Character
12:32:04 User clicked button FastRPGToMap
12:32:04 System entered node Main Map
12:32:06 User clicked button FastRPGCancel
12:32:06 System entered node Character
12:32:08 User clicked button FastRPGToMap
12:32:08 System entered node Main Map
12:32:09 User clicked button FastRPGToFood
12:32:09 System entered node Cook
12:32:12 User clicked button FastRPGCancel
12:32:12 System entered node Character
12:32:13 User clicked button FastRPGToMap
12:32:13 System entered node Main Map
12:32:15 User clicked button FastRPGCancel
12:32:15 System entered node Character
12:32:16 System saved game
12:34:18 System loaded game
12:34:19 System entered node Start
12:34:19 System entered node Character
12:34:21 User clicked button FastRPGToMap
12:34:21 System entered node Main Map
12:34:23 User clicked button FastRPGCancel
12:34:23 System entered node Character
12:34:29 User clicked button FastRPGToMap
12:34:29 System entered node Main Map
12:34:34 User clicked button FastRPGCancel
12:34:34 System entered node Character
12:34:35 User clicked button FastRPGToMap
12:34:35 System entered node Main Map
12:34:37 User clicked button FastRPGToFood
12:34:37 System entered node Cook
12:34:43 User clicked button FastRPGCancel
12:34:43 System entered node Character
12:34:44 User clicked button FastRPGToMap
12:34:44 System entered node Main Map
12:34:45 User clicked button FastRPGToFood
12:34:45 System entered node Cook
12:34:48 User clicked button FastRPGCancel
12:34:48 System entered node Character
12:34:49 User clicked button FastRPGToMap
12:34:49 System entered node Main Map
12:34:51 User clicked button FastRPGCancel
12:34:51 System entered node Character
12:34:53 User clicked button FastRPGToMap
12:34:53 System entered node Main Map
12:34:54 User clicked button FastRPGToTraining
12:34:54 System entered node Trainer
12:34:55 User clicked button FastRPGCancel
12:34:55 System entered node Character
12:34:57 System saved game
12:35:30 System loaded game
12:35:32 System entered node Start
12:35:32 System entered node Character
12:35:33 User clicked button FastRPGToMap
12:35:33 System entered node Main Map
12:35:34 User clicked button FastRPGToFood
12:35:34 System entered node Cook
12:35:35 System entered node CookResult
12:35:40 User clicked button FastRPGCancel
12:35:40 System entered node Character
12:35:41 User clicked button FastRPGToMap
12:35:41 System entered node Main Map
12:35:42 User clicked button FastRPGCancel
12:35:42 System entered node Character
12:35:43 User clicked button FastRPGToMap
12:35:43 System entered node Main Map
12:35:45 User clicked button FastRPGToTraining
12:35:45 System entered node Trainer
12:35:47 User clicked button FastRPGCancel
12:35:47 System entered node Character
12:35:48 User clicked button FastRPGToMap
12:35:48 System entered node Main Map
12:35:49 User clicked button FastRPGToTraining
12:35:49 System entered node Trainer
12:35:50 User clicked button FastRPGCancel
12:35:50 System entered node Character
12:35:51 User clicked button FastRPGToMap
12:35:51 System entered node Main Map
12:35:52 User clicked button FastRPGToFood
12:35:52 System entered node Cook
12:35:54 User clicked button FastRPGCancel
12:35:54 System entered node Character
12:35:55 User clicked button FastRPGToMap
12:35:55 System entered node Main Map
12:35:56 User clicked button FastRPGToTraining
12:35:56 System entered node Trainer
12:35:57 System saved game
12:48:15 System loaded game
12:48:16 System entered node Start
12:48:16 System entered node Character
12:48:17 User clicked button FastRPGToMap
12:48:17 System entered node Main Map
12:48:18 User clicked button FastRPGToTraining
12:48:18 System entered node Trainer
12:48:23 System entered node TrainerResult
12:48:28 User clicked button FastRPGCancel
12:48:28 System entered node Character
12:48:29 User clicked button FastRPGToMap
12:48:29 System entered node Main Map
12:48:30 User clicked button FastRPGToControlTest
12:48:30 System entered node BrokerControlTest
12:48:38 System saved game
12:53:18 System loaded game
12:53:19 System entered node Start
12:53:19 System entered node Character
12:53:20 System saved game
12:53:34 System loaded game
12:53:35 System entered node Start
12:53:35 System entered node Character
12:53:36 User clicked button FastRPGToMap
12:53:36 System entered node Main Map
12:54:07 User clicked button FastRPGToControlTest
12:54:07 System entered node BrokerControlTest
12:54:11 System entered node ResultControlTest
12:54:15 User clicked button FastRPGCancel
12:54:15 System entered node Character
12:54:16 User clicked button FastRPGToMap
12:54:16 System entered node Main Map
12:54:19 User clicked button FastRPGToTraining
12:54:19 System entered node Trainer
12:54:20 System entered node TrainerResult
12:54:24 User clicked button FastRPGCancel
12:54:24 System entered node Character
12:54:25 User clicked button FastRPGToMap
12:54:25 System entered node Main Map
12:54:27 User clicked button FastRPGToControlTest
12:54:27 System entered node BrokerControlTest
12:54:28 System entered node ResultControlTest
12:54:32 User clicked button FastRPGCancel
12:54:32 System entered node Character
12:54:33 User clicked button FastRPGToMap
12:54:33 System entered node Main Map
12:54:36 User clicked button FastRPGToControlTest
12:54:36 System entered node BrokerControlTest
12:54:37 User clicked button FastRPGCancel
12:54:37 System entered node Character
12:54:38 User clicked button FastRPGToMap
12:54:38 System entered node Main Map
12:54:40 User clicked button FastRPGToSkillTest
12:54:40 System entered node BrokerSkillTest
12:54:41 User clicked button FastRPGAccept
12:54:41 System entered node ResultSkillTest
12:54:45 User clicked button FastRPGCancel
12:54:45 System entered node Character
12:54:48 User clicked button FastRPGToMap
12:54:48 System entered node Main Map
12:54:49 User clicked button FastRPGToFood
12:54:49 System entered node Cook
12:54:50 User clicked button FastRPGCancel
12:54:50 System entered node Character
12:54:51 User clicked button FastRPGToMap
12:54:51 System entered node Main Map
12:54:52 User clicked button FastRPGToTraining
12:54:52 System entered node Trainer
12:54:53 User clicked button FastRPGCancel
12:54:53 System entered node Character
12:54:55 User clicked button FastRPGToMap
12:54:55 System entered node Main Map
12:54:56 User clicked button FastRPGCancel
12:54:56 System entered node Character
12:54:58 User clicked button FastRPGToMap
12:54:58 System entered node Main Map
12:54:59 User clicked button FastRPGToFood
12:54:59 System entered node Cook
12:55:02 User clicked button FastRPGCancel
12:55:02 System entered node Character
12:55:05 System saved game
13:08:38 System loaded game
13:08:39 System entered node Start
13:08:39 System entered node Character
13:08:41 User clicked button FastRPGToMap
13:08:41 System entered node Main Map
13:08:43 User clicked button FastRPGToFood
13:08:43 System entered node Cook
13:08:44 User clicked button FastRPGCancel
13:08:44 System entered node Character
13:08:45 User clicked button FastRPGToMap
13:08:45 System entered node Main Map
13:08:47 User clicked button FastRPGToTraining
13:08:47 System entered node Trainer
13:08:48 User clicked button FastRPGCancel
13:08:48 System entered node Character
13:08:49 User clicked button FastRPGToMap
13:08:49 System entered node Main Map
13:08:50 User clicked button FastRPGToControlTest
13:08:50 System entered node BrokerControlTest
13:08:51 User clicked button FastRPGCancel
13:08:51 System entered node Character
13:08:52 User clicked button FastRPGToMap
13:08:52 System entered node Main Map
13:08:52 User clicked button FastRPGToSkillTest
13:08:52 System entered node BrokerSkillTest
13:08:55 User clicked button FastRPGCancel
13:08:55 System entered node Character
13:08:56 User clicked button FastRPGToMap
13:08:56 System entered node Main Map
13:08:57 User clicked button FastRPGToSkillTest
13:08:57 System entered node BrokerSkillTest
13:08:59 User clicked button FastRPGCancel
13:08:59 System entered node Character
13:09:00 User clicked button FastRPGToMap
13:09:00 System entered node Main Map
13:09:43 System saved game
13:11:11 System loaded game
13:11:13 System entered node Start
13:11:13 System entered node Character
13:11:17 User clicked button FastRPGToMap
13:11:17 System entered node Main Map
13:11:21 User clicked button FastRPGToTraining
13:11:21 System entered node Trainer
13:11:24 User clicked button FastRPGCancel
13:11:24 System entered node Character
13:11:25 User clicked button FastRPGToMap
13:11:25 System entered node Main Map
13:11:26 User clicked button FastRPGToTraining
13:11:26 System entered node Trainer
13:11:28 User clicked button FastRPGCancel
13:11:28 System entered node Character
13:11:28 User clicked button FastRPGToMap
13:11:28 System entered node Main Map
13:11:30 User clicked button FastRPGCancel
13:11:30 System entered node Character
13:11:32 User clicked button FastRPGToMap
13:11:32 System entered node Main Map
13:11:36 System saved game
13:13:38 System loaded game
13:13:40 System entered node Start
13:13:40 System entered node Character
13:13:42 User clicked button FastRPGToMap
13:13:42 System entered node Main Map
13:13:44 User clicked button FastRPGToTraining
13:13:44 System entered node Trainer
13:13:46 User clicked button FastRPGCancel
13:13:46 System entered node Character
13:13:46 User clicked button FastRPGToMap
13:13:46 System entered node Main Map
13:13:48 User clicked button FastRPGCancel
13:13:48 System entered node Character
13:13:49 User clicked button FastRPGToMap
13:13:49 System entered node Main Map
13:13:50 User clicked button FastRPGToFood
13:13:50 System entered node Cook
13:13:53 System entered node CookResult
13:13:57 User clicked button FastRPGCancel
13:13:57 System entered node Character
13:13:58 User clicked button FastRPGToMap
13:13:58 System entered node Main Map
13:14:00 User clicked button FastRPGToTraining
13:14:00 System entered node Trainer
13:14:01 System entered node TrainerResult
13:14:05 User clicked button FastRPGCancel
13:14:05 System entered node Character
13:14:06 User clicked button FastRPGToMap
13:14:06 System entered node Main Map
13:14:09 User clicked button FastRPGToControlTest
13:14:09 System entered node BrokerControlTest
13:14:09 System entered node ResultControlTest
13:14:14 User clicked button FastRPGCancel
13:14:14 System entered node Character
13:14:15 User clicked button FastRPGToMap
13:14:15 System entered node Main Map
13:14:16 User clicked button FastRPGToControlTest
13:14:16 System entered node BrokerControlTest
13:14:24 System saved game
13:44:12 System loaded game
13:44:14 System entered node Start
13:44:14 System entered node Character
13:44:19 User clicked button FastRPGToMap
13:44:19 System entered node Main Map
13:44:21 User clicked button FastRPGToTraining
13:44:21 System entered node Trainer
13:44:22 System entered node TrainerResult
13:44:26 User clicked button FastRPGCancel
13:44:26 System entered node Character
13:44:27 User clicked button FastRPGToMap
13:44:27 System entered node Main Map
13:44:29 User clicked button FastRPGToControlTest
13:44:29 System entered node BrokerControlTest
13:44:30 System entered node ResultControlTest
13:44:37 User clicked button FastRPGCancel
13:44:37 System entered node Character
13:44:43 System saved game
13:45:07 System loaded game
13:45:10 System entered node Start
13:45:10 System entered node Character
13:45:13 User clicked button FastRPGToMap
13:45:13 System entered node Main Map
13:45:15 User clicked button FastRPGToControlTest
13:45:15 System entered node BrokerControlTest
13:45:18 System entered node ResultControlTest
13:45:22 User clicked button FastRPGCancel
13:45:22 System entered node Character
13:45:23 User clicked button FastRPGToMap
13:45:23 System entered node Main Map
13:45:24 User clicked button FastRPGToTraining
13:45:24 System entered node Trainer
13:45:24 System entered node TrainerResult
13:45:29 User clicked button FastRPGCancel
13:45:29 System entered node Character
13:45:30 User clicked button FastRPGToMap
13:45:30 System entered node Main Map
13:45:35 User clicked button FastRPGToControlTest
13:45:35 System entered node BrokerControlTest
13:45:36 System entered node ResultControlTest
13:45:51 System saved game
13:46:21 System loaded game
13:46:23 System entered node Start
13:46:23 System entered node Character
13:46:25 User clicked button FastRPGToMap
13:46:25 System entered node Main Map
13:46:26 User clicked button FastRPGToTraining
13:46:26 System entered node Trainer
13:46:27 System entered node TrainerResult
13:46:31 User clicked button FastRPGCancel
13:46:31 System entered node Character
13:46:32 User clicked button FastRPGToMap
13:46:32 System entered node Main Map
13:46:33 User clicked button FastRPGToControlTest
13:46:33 System entered node BrokerControlTest
13:46:35 System entered node ResultControlTest
13:46:42 User clicked button CustomOk
13:46:43 User clicked button FastRPGCancel
13:46:43 System entered node Character
13:46:44 User clicked button FastRPGToMap
13:46:44 System entered node Main Map
13:46:45 User clicked button FastRPGToTraining
13:46:45 System entered node Trainer
13:46:46 System entered node TrainerResult
13:46:51 User clicked button FastRPGCancel
13:46:51 System entered node Character
13:46:52 User clicked button FastRPGToMap
13:46:52 System entered node Main Map
13:46:54 User clicked button FastRPGToControlTest
13:46:54 System entered node BrokerControlTest
13:46:55 System entered node ResultControlTest
13:47:07 User clicked button CustomOk
13:47:10 User clicked button FastRPGCancel
13:47:10 System entered node Character
13:47:12 User clicked button FastRPGToMap
13:47:12 System entered node Main Map
13:47:14 User clicked button FastRPGToSkillTest
13:47:14 System entered node BrokerSkillTest
13:47:16 User clicked button FastRPGAccept
13:47:16 System entered node ResultSkillTest
13:47:20 User clicked button CustomOk
13:47:21 User clicked button CustomOk
13:47:22 User clicked button FastRPGCancel
13:47:22 System entered node Character
13:47:25 User clicked button FastRPGToMap
13:47:25 System entered node Main Map
13:47:26 User clicked button FastRPGCancel
13:47:26 System entered node Character
13:47:28 System saved game
13:56:01 System loaded game
13:56:02 System entered node Start
13:56:02 System entered node Character
13:56:05 User clicked button FastRPGToMap
13:56:05 System entered node Main Map
13:56:06 User clicked button FastRPGToFood
13:56:06 System entered node Cook
13:56:08 User clicked button FastRPGCancel
13:56:08 System entered node Character
13:56:09 User clicked button FastRPGToMap
13:56:09 System entered node Main Map
13:56:10 User clicked button FastRPGToTraining
13:56:10 System entered node Trainer
13:56:11 System entered node TrainerResult
13:56:15 User clicked button FastRPGCancel
13:56:15 System entered node Character
13:56:16 User clicked button FastRPGToMap
13:56:16 System entered node Main Map
13:56:17 User clicked button FastRPGToControlTest
13:56:17 System entered node BrokerControlTest
13:56:18 System entered node ResultControlTest
13:56:24 User clicked button CustomOk
13:56:25 User clicked button FastRPGCancel
13:56:25 System entered node Character
13:56:26 User clicked button FastRPGToMap
13:56:26 System entered node Main Map
13:56:27 User clicked button FastRPGToTraining
13:56:27 System entered node Trainer
13:56:29 System entered node TrainerResult
13:56:32 User clicked button FastRPGCancel
13:56:32 System entered node Character
13:56:33 User clicked button FastRPGToMap
13:56:33 System entered node Main Map
13:56:34 User clicked button FastRPGToControlTest
13:56:34 System entered node BrokerControlTest
13:56:35 System entered node ResultControlTest
13:56:49 User clicked button CustomOk
13:56:50 User clicked button FastRPGCancel
13:56:50 System entered node Character
13:56:51 User clicked button FastRPGToMap
13:56:51 System entered node Main Map
13:56:52 User clicked button FastRPGCancel
13:56:52 System entered node Character
13:56:54 User clicked button FastRPGToMap
13:56:54 System entered node Main Map
13:56:55 User clicked button FastRPGToControlTest
13:56:55 System entered node BrokerControlTest
13:56:56 User clicked button FastRPGCancel
13:56:56 System entered node Character
13:56:57 User clicked button FastRPGToMap
13:56:57 System entered node Main Map
13:56:58 User clicked button FastRPGToSkillTest
13:56:58 System entered node BrokerSkillTest
13:57:01 User clicked button FastRPGAccept
13:57:01 System entered node ResultSkillTest
13:57:06 User clicked button CustomOk
13:57:07 User clicked button CustomOk
13:57:08 User clicked button FastRPGCancel
13:57:08 System entered node Character
13:57:09 User clicked button FastRPGToMap
13:57:09 System entered node Main Map
13:57:10 User clicked button FastRPGToTraining
13:57:10 System entered node Trainer
13:57:11 System entered node TrainerResult
13:57:15 User clicked button FastRPGCancel
13:57:15 System entered node Character
13:57:16 User clicked button FastRPGToMap
13:57:16 System entered node Main Map
13:57:19 User clicked button FastRPGToSkillTest
13:57:19 System entered node BrokerSkillTest
13:57:21 User clicked button FastRPGAccept
13:57:21 System entered node ResultSkillTest
13:57:24 User clicked button FastRPGCancel
13:57:24 System entered node Character
13:57:25 User clicked button FastRPGToMap
13:57:25 System entered node Main Map
13:57:26 User clicked button FastRPGToControlTest
13:57:26 System entered node BrokerControlTest
13:57:27 System entered node ResultControlTest
13:57:34 User clicked button CustomOk
13:57:35 User clicked button FastRPGCancel
13:57:35 System entered node Character
13:57:36 User clicked button FastRPGToMap
13:57:36 System entered node Main Map
13:57:37 User clicked button FastRPGToTraining
13:57:37 System entered node Trainer
13:57:38 System entered node TrainerResult
13:57:42 User clicked button FastRPGCancel
13:57:42 System entered node Character
13:57:43 User clicked button FastRPGToMap
13:57:43 System entered node Main Map
13:57:43 User clicked button FastRPGToTraining
13:57:43 System entered node Trainer
13:57:44 System entered node TrainerResult
13:57:48 User clicked button FastRPGCancel
13:57:48 System entered node Character
13:57:49 User clicked button FastRPGToMap
13:57:49 System entered node Main Map
13:57:50 User clicked button FastRPGToControlTest
13:57:50 System entered node BrokerControlTest
13:57:51 System entered node ResultControlTest
13:58:02 User clicked button CustomOk
13:58:03 User clicked button FastRPGCancel
13:58:03 System entered node Character
13:58:04 User clicked button FastRPGToMap
13:58:04 System entered node Main Map
13:58:05 User clicked button FastRPGToSkillTest
13:58:05 System entered node BrokerSkillTest
13:58:06 User clicked button FastRPGAccept
13:58:06 System entered node ResultSkillTest
13:58:10 User clicked button FastRPGCancel
13:58:10 System entered node Character
13:58:14 User clicked button FastRPGToMap
13:58:14 System entered node Main Map
13:58:16 User clicked button FastRPGToSkillTest
13:58:16 System entered node BrokerSkillTest
13:58:18 User clicked button FastRPGAccept
13:58:18 System entered node ResultSkillTest
13:58:21 User clicked button FastRPGCancel
13:58:21 System entered node Character
13:58:23 User clicked button FastRPGToMap
13:58:23 System entered node Main Map
13:58:23 User clicked button FastRPGToSkillTest
13:58:23 System entered node BrokerSkillTest
13:58:25 User clicked button FastRPGAccept
13:58:25 System entered node ResultSkillTest
13:58:28 User clicked button FastRPGCancel
13:58:28 System entered node Character
13:58:29 User clicked button FastRPGToMap
13:58:29 System entered node Main Map
13:58:30 User clicked button FastRPGToFood
13:58:30 System entered node Cook
13:58:32 User clicked button FastRPGCancel
13:58:32 System entered node Character
13:58:33 User clicked button FastRPGToMap
13:58:33 System entered node Main Map
13:58:34 User clicked button FastRPGCancel
13:58:34 System entered node Character
13:58:36 User clicked button FastRPGToMap
13:58:36 System entered node Main Map
13:58:37 User clicked button FastRPGToFood
13:58:37 System entered node Cook
13:58:38 User clicked button FastRPGCancel
13:58:38 System entered node Character
13:58:39 User clicked button FastRPGToMap
13:58:39 System entered node Main Map
13:58:40 User clicked button FastRPGToFood
13:58:40 System entered node Cook
13:58:43 User clicked button FastRPGCancel
13:58:43 System entered node Character
13:58:44 User clicked button FastRPGToMap
13:58:44 System entered node Main Map
13:58:45 User clicked button FastRPGCancel
13:58:45 System entered node Character
13:58:46 User clicked button FastRPGToMap
13:58:46 System entered node Main Map
13:58:47 User clicked button FastRPGToFood
13:58:47 System entered node Cook
13:58:48 User clicked button FastRPGCancel
13:58:48 System entered node Character
13:58:49 User clicked button FastRPGToMap
13:58:49 System entered node Main Map
13:58:50 User clicked button FastRPGToFood
13:58:50 System entered node Cook
13:58:51 User clicked button FastRPGCancel
13:58:51 System entered node Character
13:58:52 User clicked button FastRPGToMap
13:58:52 System entered node Main Map
13:58:54 User clicked button FastRPGCancel
13:58:54 System entered node Character
13:58:55 User clicked button FastRPGToMap
13:58:55 System entered node Main Map
13:58:57 User clicked button FastRPGCancel
13:58:57 System entered node Character
13:58:58 User clicked button FastRPGToMap
13:58:58 System entered node Main Map
13:59:00 User clicked button FastRPGToFood
13:59:00 System entered node Cook
13:59:01 User clicked button FastRPGCancel
13:59:01 System entered node Character
13:59:02 User clicked button FastRPGToMap
13:59:02 System entered node Main Map
13:59:03 User clicked button FastRPGToTraining
13:59:03 System entered node Trainer
13:59:04 User clicked button FastRPGCancel
13:59:04 System entered node Character
13:59:05 User clicked button FastRPGToMap
13:59:05 System entered node Main Map
13:59:06 User clicked button FastRPGToControlTest
13:59:06 System entered node BrokerControlTest
13:59:07 User clicked button FastRPGCancel
13:59:07 System entered node Character
13:59:08 User clicked button FastRPGToMap
13:59:08 System entered node Main Map
13:59:09 User clicked button FastRPGToSkillTest
13:59:09 System entered node BrokerSkillTest
13:59:10 User clicked button FastRPGCancel
13:59:10 System entered node Character
13:59:11 User clicked button FastRPGToMap
13:59:11 System entered node Main Map
13:59:12 User clicked button FastRPGToSkillTest
13:59:12 System entered node BrokerSkillTest
13:59:12 User clicked button FastRPGCancel
13:59:12 System entered node Character
13:59:13 User clicked button FastRPGToMap
13:59:13 System entered node Main Map
13:59:14 User clicked button FastRPGToControlTest
13:59:14 System entered node BrokerControlTest
13:59:15 User clicked button FastRPGCancel
13:59:15 System entered node Character
13:59:16 User clicked button FastRPGToMap
13:59:16 System entered node Main Map
13:59:18 User clicked button FastRPGCancel
13:59:18 System entered node Character
13:59:20 User clicked button FastRPGToMap
13:59:20 System entered node Main Map
13:59:21 User clicked button FastRPGToTraining
13:59:21 System entered node Trainer
13:59:22 User clicked button FastRPGCancel
13:59:22 System entered node Character
13:59:23 User clicked button FastRPGToMap
13:59:23 System entered node Main Map
13:59:23 User clicked button FastRPGToFood
13:59:23 System entered node Cook
13:59:24 User clicked button FastRPGCancel
13:59:24 System entered node Character
13:59:26 User clicked button FastRPGToMap
13:59:26 System entered node Main Map
13:59:26 User clicked button FastRPGCancel
13:59:26 System entered node Character
13:59:28 User clicked button FastRPGToMap
13:59:28 System entered node Main Map
13:59:35 User clicked button FastRPGToFood
13:59:35 System entered node Cook
13:59:37 System entered node CookResult
13:59:42 User clicked button FastRPGCancel
13:59:42 System entered node Character
13:59:43 User clicked button FastRPGToMap
13:59:43 System entered node Main Map
13:59:44 User clicked button FastRPGToControlTest
13:59:44 System entered node BrokerControlTest
13:59:45 System entered node ResultControlTest
13:59:49 User clicked button FastRPGCancel
13:59:49 System entered node Character
13:59:50 User clicked button FastRPGToMap
13:59:50 System entered node Main Map
13:59:51 User clicked button FastRPGToTraining
13:59:51 System entered node Trainer
13:59:52 User clicked button FastRPGCancel
13:59:52 System entered node Character
13:59:55 System saved game
14:00:06 System loaded game
14:00:07 System entered node Start
14:00:07 System entered node Character
14:00:09 User clicked button FastRPGToMap
14:00:09 System entered node Main Map
14:00:10 User clicked button FastRPGToFood
14:00:10 System entered node Cook
14:00:11 User clicked button FastRPGCancel
14:00:11 System entered node Character
14:00:12 User clicked button FastRPGToMap
14:00:12 System entered node Main Map
14:00:16 User clicked button FastRPGToTraining
14:00:16 System entered node Trainer
14:00:18 System entered node TrainerResult
14:00:22 User clicked button FastRPGCancel
14:00:22 System entered node Character
14:00:23 User clicked button FastRPGToMap
14:00:23 System entered node Main Map
14:00:24 User clicked button FastRPGToTraining
14:00:24 System entered node Trainer
14:00:25 System entered node TrainerResult
14:00:29 User clicked button FastRPGCancel
14:00:29 System entered node Character
14:00:30 User clicked button FastRPGToMap
14:00:30 System entered node Main Map
14:00:31 User clicked button FastRPGToControlTest
14:00:31 System entered node BrokerControlTest
14:00:32 System entered node ResultControlTest
14:00:41 System saved game
14:01:18 System loaded game
14:01:20 System entered node Start
14:01:20 System entered node Character
14:01:21 User clicked button FastRPGToMap
14:01:21 System entered node Main Map
14:01:22 User clicked button FastRPGToFood
14:01:22 System entered node Cook
14:01:24 User clicked button FastRPGCancel
14:01:24 System entered node Character
14:01:24 User clicked button FastRPGToMap
14:01:24 System entered node Main Map
14:01:28 User clicked button FastRPGToTraining
14:01:28 System entered node Trainer
14:01:29 User clicked button FastRPGCancel
14:01:29 System entered node Character
14:01:31 User clicked button FastRPGToMap
14:01:31 System entered node Main Map
14:01:32 User clicked button FastRPGToTraining
14:01:32 System entered node Trainer
14:01:32 System entered node TrainerResult
14:01:36 User clicked button FastRPGCancel
14:01:36 System entered node Character
14:01:37 User clicked button FastRPGToMap
14:01:37 System entered node Main Map
14:01:38 User clicked button FastRPGToControlTest
14:01:38 System entered node BrokerControlTest
14:01:39 User clicked button FastRPGCancel
14:01:39 System entered node Character
14:01:40 User clicked button FastRPGToMap
14:01:40 System entered node Main Map
14:01:41 User clicked button FastRPGToTraining
14:01:41 System entered node Trainer
14:01:42 System entered node TrainerResult
14:01:45 User clicked button FastRPGCancel
14:01:45 System entered node Character
14:01:46 User clicked button FastRPGToMap
14:01:46 System entered node Main Map
14:01:47 User clicked button FastRPGToControlTest
14:01:47 System entered node BrokerControlTest
14:01:48 System entered node ResultControlTest
14:01:55 User clicked button CustomOk
14:01:55 User clicked button FastRPGCancel
14:01:55 System entered node Character
14:01:56 User clicked button FastRPGToMap
14:01:56 System entered node Main Map
14:01:57 User clicked button FastRPGToSkillTest
14:01:57 System entered node BrokerSkillTest
14:01:58 User clicked button FastRPGAccept
14:01:58 System entered node ResultSkillTest
14:02:02 User clicked button CustomOk
14:02:03 User clicked button CustomOk
14:02:04 User clicked button FastRPGCancel
14:02:04 System entered node Character
14:02:06 System saved game
14:04:02 System loaded game
14:04:04 System entered node Start
14:04:04 System entered node Character
14:04:07 User clicked button FastRPGToMap
14:04:07 System entered node Main Map
14:04:09 User clicked button FastRPGToTraining
14:04:09 System entered node Trainer
14:04:12 User clicked button FastRPGCancel
14:04:12 System entered node Character
14:04:13 User clicked button FastRPGToMap
14:04:13 System entered node Main Map
14:04:16 User clicked button FastRPGToTraining
14:04:16 System entered node Trainer
14:04:17 System entered node TrainerResult
14:04:23 User clicked button FastRPGCancel
14:04:23 System entered node Character
14:04:24 User clicked button FastRPGToMap
14:04:24 System entered node Main Map
14:04:25 User clicked button FastRPGToTraining
14:04:25 System entered node Trainer
14:04:26 System entered node TrainerResult
14:04:30 User clicked button FastRPGCancel
14:04:30 System entered node Character
14:04:31 User clicked button FastRPGToMap
14:04:31 System entered node Main Map
14:04:32 User clicked button FastRPGToControlTest
14:04:32 System entered node BrokerControlTest
14:04:34 System entered node ResultControlTest
14:04:40 User clicked button CustomOk
14:04:41 User clicked button FastRPGCancel
14:04:41 System entered node Character
14:04:42 User clicked button FastRPGToMap
14:04:42 System entered node Main Map
14:04:43 User clicked button FastRPGToSkillTest
14:04:43 System entered node BrokerSkillTest
14:04:46 User clicked button FastRPGAccept
14:04:46 System entered node ResultSkillTest
14:04:52 User clicked button CustomOk
14:04:56 User clicked button CustomOk
14:04:57 User clicked button FastRPGCancel
14:04:57 System entered node Character
14:04:58 User clicked button FastRPGToMap
14:04:58 System entered node Main Map
14:04:59 User clicked button FastRPGToTraining
14:04:59 System entered node Trainer
14:05:01 System entered node TrainerResult
14:05:05 User clicked button FastRPGCancel
14:05:05 System entered node Character
14:05:06 User clicked button FastRPGToMap
14:05:06 System entered node Main Map
14:05:07 User clicked button FastRPGToControlTest
14:05:07 System entered node BrokerControlTest
14:05:09 System entered node ResultControlTest
14:05:15 User clicked button CustomOk
14:05:16 User clicked button FastRPGCancel
14:05:16 System entered node Character
14:05:19 User clicked button FastRPGToMap
14:05:19 System entered node Main Map
14:05:21 User clicked button FastRPGToSkillTest
14:05:21 System entered node BrokerSkillTest
14:05:22 User clicked button FastRPGAccept
14:05:22 System entered node ResultSkillTest
14:05:26 User clicked button FastRPGCancel
14:05:26 System entered node Character
14:05:31 User clicked button FastRPGToMap
14:05:31 System entered node Main Map
14:05:33 User clicked button FastRPGCancel
14:05:33 System entered node Character
14:05:34 User clicked button FastRPGToMap
14:05:34 System entered node Main Map
14:05:35 User clicked button FastRPGToFood
14:05:35 System entered node Cook
14:05:37 User clicked button FastRPGCancel
14:05:37 System entered node Character
14:05:38 User clicked button FastRPGToMap
14:05:38 System entered node Main Map
14:05:39 User clicked button FastRPGToTraining
14:05:39 System entered node Trainer
14:05:40 User clicked button FastRPGCancel
14:05:40 System entered node Character
14:05:41 User clicked button FastRPGToMap
14:05:41 System entered node Main Map
14:05:42 User clicked button FastRPGToControlTest
14:05:42 System entered node BrokerControlTest
14:05:49 User clicked button FastRPGCancel
14:05:49 System entered node Character
14:05:53 User clicked button FastRPGToMap
14:05:53 System entered node Main Map
14:05:54 User clicked button FastRPGToSkillTest
14:05:54 System entered node BrokerSkillTest
14:06:14 System saved game
