10/29/2019
9:21:28 AM System loaded game
9:21:31 AM System entered node Start
9:21:31 AM System entered node Character
9:21:38 AM User clicked button FastRPGToMap
9:21:38 AM System entered node Main Map
9:21:39 AM User clicked button FastRPGToArena
9:21:39 AM System entered node Arena Broker
9:21:46 AM User clicked button FastRPGCancel
9:21:46 AM System entered node Character
9:21:48 AM System saved game
9:22:04 AM System loaded game
9:22:05 AM System entered node Start
9:22:05 AM System entered node Character
9:22:08 AM User clicked button FastRPGToMap
9:22:08 AM System entered node Main Map
9:22:09 AM User clicked button FastRPGToArena
9:22:09 AM System entered node Arena Broker
9:22:11 AM User clicked button FastRPGCancel
9:22:11 AM System entered node Character
9:22:39 AM User clicked button FastRPGToMap
9:22:39 AM System entered node Main Map
9:22:40 AM User clicked button FastRPGToArena
9:22:40 AM System entered node Arena Broker
9:22:44 AM User clicked button FastRPGCancel
9:22:44 AM System entered node Character
9:22:47 AM User clicked button FastRPGToMap
9:22:47 AM System entered node Main Map
9:22:47 AM User clicked button FastRPGToArena
9:22:47 AM System entered node Arena Broker
9:22:52 AM User clicked button FastRPGCancel
9:22:52 AM System entered node Character
9:22:54 AM System saved game
9:22:57 AM System loaded game
9:22:58 AM System entered node Start
9:22:58 AM System entered node Character
9:23:00 AM User clicked button FastRPGToMap
9:23:00 AM System entered node Main Map
9:23:01 AM User clicked button FastRPGToTraining
9:23:01 AM System entered node Trainer
9:23:03 AM System entered node TrainerResult
9:23:07 AM User clicked button FastRPGCancel
9:23:07 AM System entered node Character
9:23:10 AM User clicked button FastRPGToMap
9:23:10 AM System entered node Main Map
9:23:10 AM User clicked button FastRPGToTraining
9:23:10 AM System entered node Trainer
9:23:14 AM System entered node TrainerResult
9:23:18 AM User clicked button FastRPGCancel
9:23:18 AM System entered node Character
9:23:20 AM User clicked button FastRPGToMap
9:23:20 AM System entered node Main Map
9:23:21 AM User clicked button FastRPGToTraining
9:23:21 AM System entered node Trainer
9:23:23 AM System entered node TrainerResult
9:23:27 AM User clicked button FastRPGCancel
9:23:27 AM System entered node Character
9:23:30 AM System saved game
9:23:34 AM System loaded game
9:23:35 AM System entered node Start
9:23:35 AM System entered node Character
9:23:40 AM System saved game
3:16:55 PM System loaded game
3:16:57 PM System entered node Start
3:16:57 PM System entered node Character
3:17:02 PM System saved game
3:17:05 PM System loaded game
3:17:06 PM System entered node Start
3:17:06 PM System entered node Character
3:17:07 PM User clicked button FastRPGToMap
3:17:07 PM System entered node Main Map
3:17:09 PM User clicked button FastRPGToTraining
3:17:09 PM System entered node Trainer
3:17:53 PM System entered node TrainerResult
3:18:00 PM User clicked button FastRPGCancel
3:18:00 PM System entered node Character
3:18:01 PM User clicked button FastRPGToMap
3:18:01 PM System entered node Main Map
3:18:07 PM User clicked button FastRPGToTraining
3:18:07 PM System entered node Trainer
3:18:09 PM System entered node TrainerResult
3:18:17 PM User clicked button FastRPGCancel
3:18:17 PM System entered node Character
3:18:18 PM User clicked button FastRPGToMap
3:18:18 PM System entered node Main Map
3:18:20 PM User clicked button FastRPGToTraining
3:18:20 PM System entered node Trainer
3:18:21 PM System entered node TrainerResult
3:18:25 PM System saved game
3:21:58 PM System loaded game
3:21:59 PM System entered node Start
3:21:59 PM System entered node Character
3:22:01 PM User clicked button FastRPGToMap
3:22:01 PM System entered node Main Map
3:22:05 PM User clicked button FastRPGToTraining
3:22:05 PM System entered node Trainer
3:22:06 PM System entered node TrainerResult
3:22:54 PM System saved game
3:40:32 PM System loaded game
3:40:34 PM System entered node Start
3:40:34 PM System entered node Character
3:40:37 PM User clicked button FastRPGToMap
3:40:37 PM System entered node Main Map
3:40:38 PM User clicked button FastRPGToTraining
3:40:38 PM System entered node Trainer
3:40:47 PM System saved game
3:41:37 PM System loaded game
3:41:38 PM System entered node Start
3:41:38 PM System entered node Character
3:41:40 PM User clicked button FastRPGToMap
3:41:40 PM System entered node Main Map
3:41:41 PM User clicked button FastRPGToTraining
3:41:41 PM System entered node Trainer
3:41:42 PM System entered node TrainerResult
3:41:47 PM User clicked button FastRPGCancel
3:41:47 PM System entered node Character
3:42:16 PM User clicked button FastRPGToMap
3:42:16 PM System entered node Main Map
3:42:18 PM User clicked button FastRPGToTraining
3:42:18 PM System entered node Trainer
3:42:19 PM System entered node TrainerResult
3:42:37 PM System saved game
3:54:56 PM System loaded game
3:54:57 PM System entered node Start
3:54:57 PM System entered node Character
3:55:00 PM System saved game
3:55:42 PM System loaded game
3:55:43 PM System entered node Start
3:55:43 PM System entered node Character
3:55:45 PM User clicked button FastRPGToMap
3:55:45 PM System entered node Main Map
3:55:46 PM User clicked button FastRPGToTraining
3:55:46 PM System entered node Trainer
3:55:47 PM System entered node TrainerResult
3:55:53 PM User clicked button FastRPGCancel
3:55:53 PM System entered node Character
3:56:02 PM User clicked button FastRPGToMap
3:56:02 PM System entered node Main Map
3:56:03 PM User clicked button FastRPGToTraining
3:56:03 PM System entered node Trainer
3:56:04 PM System entered node TrainerResult
3:56:08 PM User clicked button FastRPGCancel
3:56:08 PM System entered node Character
3:56:09 PM User clicked button FastRPGToMap
3:56:09 PM System entered node Main Map
3:56:10 PM User clicked button FastRPGToTraining
3:56:10 PM System entered node Trainer
3:56:10 PM System entered node TrainerResult
3:56:15 PM User clicked button FastRPGCancel
3:56:15 PM System entered node Character
3:56:18 PM User clicked button FastRPGToMap
3:56:18 PM System entered node Main Map
3:56:18 PM User clicked button FastRPGToTraining
3:56:18 PM System entered node Trainer
3:56:19 PM System entered node TrainerResult
3:56:23 PM User clicked button FastRPGCancel
3:56:23 PM System entered node Character
3:56:24 PM System saved game
