10/30/2019
10:40:35 AM System loaded game
10:40:38 AM System entered node Start
10:40:38 AM System entered node Character
10:40:47 AM System saved game
10:40:53 AM System loaded game
10:40:54 AM System entered node Start
10:40:54 AM System entered node Character
10:40:56 AM User clicked button FastRPGToMap
10:40:56 AM System entered node Main Map
10:40:58 AM User clicked button FastRPGToFood
10:40:58 AM System entered node Cook
10:41:04 AM User clicked button FastRPGCancel
10:41:04 AM System entered node Character
10:41:11 AM User clicked button FastRPGToMap
10:41:11 AM System entered node Main Map
10:41:12 AM User clicked button FastRPGToFood
10:41:12 AM System entered node Cook
10:41:29 AM User clicked button FastRPGCancel
10:41:29 AM System entered node Character
10:41:32 AM User clicked button FastRPGToMap
10:41:32 AM System entered node Main Map
10:41:33 AM User clicked button FastRPGToTraining
10:41:33 AM System entered node Trainer
10:41:39 AM User clicked button FastRPGCancel
10:41:39 AM System entered node Character
10:41:46 AM User clicked button FastRPGToMap
10:41:46 AM System entered node Main Map
10:41:48 AM User clicked button FastRPGToTraining
10:41:48 AM System entered node Trainer
10:41:53 AM User clicked button FastRPGCancel
10:41:53 AM System entered node Character
10:42:18 AM User clicked button FastRPGToMap
10:42:18 AM System entered node Main Map
10:42:19 AM User clicked button FastRPGToFood
10:42:19 AM System entered node Cook
10:42:22 AM User clicked button FastRPGCancel
10:42:22 AM System entered node Character
10:42:34 AM User clicked button FastRPGToMap
10:42:34 AM System entered node Main Map
10:42:35 AM User clicked button FastRPGToTraining
10:42:35 AM System entered node Trainer
10:42:37 AM User clicked button FastRPGCancel
10:42:37 AM System entered node Character
10:42:40 AM User clicked button FastRPGToMap
10:42:40 AM System entered node Main Map
10:42:41 AM User clicked button FastRPGToTraining
10:42:41 AM System entered node Trainer
10:42:43 AM User clicked button FastRPGCancel
10:42:43 AM System entered node Character
10:42:47 AM User clicked button FastRPGToMap
10:42:47 AM System entered node Main Map
10:42:49 AM User clicked button FastRPGToTraining
10:42:49 AM System entered node Trainer
10:42:51 AM User clicked button FastRPGCancel
10:42:51 AM System entered node Character
10:42:57 AM User clicked button FastRPGToMap
10:42:57 AM System entered node Main Map
10:42:58 AM User clicked button FastRPGToTraining
10:42:58 AM System entered node Trainer
10:43:00 AM User clicked button FastRPGCancel
10:43:00 AM System entered node Character
10:43:01 AM User clicked button FastRPGToMap
10:43:01 AM System entered node Main Map
10:43:02 AM User clicked button FastRPGToArena
10:43:02 AM System entered node Arena Broker
10:43:53 AM User clicked button FastRPGCancel
10:43:53 AM System entered node Character
10:43:57 AM System saved game
11:42:50 AM System entered node Start
11:42:50 AM System entered node Character
11:43:07 AM System entered node Start
11:43:07 AM System entered node Character
11:43:35 AM System loaded game
11:43:37 AM System entered node Start
11:43:37 AM System entered node Character
11:43:39 AM User clicked button FastRPGToMap
11:43:39 AM System entered node Main Map
11:43:44 AM User clicked button FastRPGToArena
11:43:44 AM System entered node BrokerControlTest
11:43:55 AM System saved game
11:44:51 AM System loaded game
11:44:52 AM System entered node Start
11:44:52 AM System entered node Character
11:44:53 AM User clicked button FastRPGToMap
11:44:53 AM System entered node Main Map
11:45:04 AM User clicked button FastRPGToArena
11:45:04 AM System entered node BrokerControlTest
11:45:06 AM System entered node ArenaResult
11:45:11 AM User clicked button FastRPGCancel
11:45:11 AM System entered node Character
11:45:14 AM User clicked button FastRPGToMap
11:45:14 AM System entered node Main Map
11:45:15 AM User clicked button FastRPGToTraining
11:45:15 AM System entered node Trainer
11:45:16 AM System entered node TrainerResult
11:45:19 AM User clicked button FastRPGCancel
11:45:19 AM System entered node Character
11:45:21 AM User clicked button FastRPGToMap
11:45:21 AM System entered node Main Map
11:45:23 AM User clicked button FastRPGToArena
11:45:23 AM System entered node BrokerControlTest
11:45:24 AM System entered node ArenaResult
11:45:29 AM User clicked button FastRPGCancel
11:45:29 AM System entered node Character
11:45:30 AM User clicked button FastRPGToMap
11:45:30 AM System entered node Main Map
11:45:31 AM User clicked button FastRPGToTraining
11:45:31 AM System entered node Trainer
11:45:31 AM System entered node TrainerResult
11:45:35 AM User clicked button FastRPGCancel
11:45:35 AM System entered node Character
11:45:37 AM User clicked button FastRPGToMap
11:45:37 AM System entered node Main Map
11:45:38 AM User clicked button FastRPGToArena
11:45:38 AM System entered node BrokerControlTest
11:45:39 AM System entered node ArenaResult
11:46:00 AM System saved game
11:46:40 AM System loaded game
11:46:41 AM System entered node Start
11:46:41 AM System entered node Character
11:46:42 AM User clicked button FastRPGToMap
11:46:42 AM System entered node Main Map
11:46:44 AM User clicked button FastRPGToArena
11:46:44 AM System entered node BrokerControlTest
11:46:46 AM System entered node ArenaResult
11:46:52 AM User clicked button FastRPGCancel
11:46:52 AM System entered node Character
11:46:55 AM User clicked button FastRPGToMap
11:46:55 AM System entered node Main Map
11:46:58 AM User clicked button FastRPGCancel
11:46:58 AM System entered node Character
11:47:00 AM User clicked button FastRPGToMap
11:47:00 AM System entered node Main Map
11:47:01 AM User clicked button FastRPGToTraining
11:47:01 AM System entered node Trainer
11:47:02 AM System entered node TrainerResult
11:47:07 AM User clicked button FastRPGCancel
11:47:07 AM System entered node Character
11:47:08 AM User clicked button FastRPGToMap
11:47:08 AM System entered node Main Map
11:47:09 AM User clicked button FastRPGCancel
11:47:09 AM System entered node Character
11:47:15 AM System saved game
11:47:18 AM System loaded game
11:47:20 AM System entered node Start
11:47:20 AM System entered node Character
11:47:36 AM User clicked button FastRPGToMap
11:47:36 AM System entered node Main Map
11:47:37 AM User clicked button FastRPGToTraining
11:47:37 AM System entered node Trainer
11:47:38 AM System entered node TrainerResult
11:47:42 AM User clicked button FastRPGCancel
11:47:42 AM System entered node Character
11:47:43 AM User clicked button FastRPGToMap
11:47:43 AM System entered node Main Map
11:47:44 AM User clicked button FastRPGToArena
11:47:44 AM System entered node BrokerControlTest
11:47:45 AM System entered node ArenaResult
11:47:50 AM User clicked button FastRPGCancel
11:47:50 AM System entered node Character
11:47:51 AM System saved game
11:48:37 AM System loaded game
11:48:38 AM System entered node Start
11:48:38 AM System entered node Character
11:48:40 AM User clicked button FastRPGToMap
11:48:40 AM System entered node Main Map
11:48:42 AM User clicked button FastRPGToArena
11:48:42 AM System entered node BrokerControlTest
11:48:43 AM System entered node ArenaResult
11:48:47 AM User clicked button FastRPGCancel
11:48:47 AM System entered node Character
11:48:49 AM User clicked button FastRPGToMap
11:48:49 AM System entered node Main Map
11:48:50 AM User clicked button FastRPGToTraining
11:48:50 AM System entered node Trainer
11:48:51 AM System entered node TrainerResult
11:48:54 AM User clicked button FastRPGCancel
11:48:54 AM System entered node Character
11:48:55 AM User clicked button FastRPGToMap
11:48:55 AM System entered node Main Map
11:48:56 AM User clicked button FastRPGToTraining
11:48:56 AM System entered node Trainer
11:48:57 AM System entered node TrainerResult
11:49:01 AM User clicked button FastRPGCancel
11:49:01 AM System entered node Character
11:49:02 AM User clicked button FastRPGToMap
11:49:02 AM System entered node Main Map
11:49:03 AM User clicked button FastRPGToArena
11:49:03 AM System entered node BrokerControlTest
11:49:04 AM System entered node ArenaResult
11:49:09 AM User clicked button FastRPGCancel
11:49:09 AM System entered node Character
11:49:10 AM User clicked button FastRPGToMap
11:49:10 AM System entered node Main Map
11:49:11 AM User clicked button FastRPGToArena
11:49:11 AM System entered node BrokerControlTest
11:49:12 AM System entered node ArenaResult
11:49:17 AM User clicked button FastRPGCancel
11:49:17 AM System entered node Character
11:49:30 AM System saved game
1:23:52 PM System entered node Start
1:23:52 PM System entered node Character
1:24:48 PM System entered node Start
1:24:48 PM System entered node Character
1:25:51 PM System loaded game
1:25:52 PM System entered node Start
1:25:52 PM System entered node Character
1:25:56 PM User clicked button FastRPGToMap
1:25:56 PM System entered node Main Map
1:26:10 PM User clicked button FastRPGToArena
1:26:10 PM System entered node BrokerControlTest
1:26:13 PM System entered node ArenaResult
1:26:17 PM User clicked button FastRPGCancel
1:26:17 PM System entered node Character
1:26:19 PM User clicked button FastRPGToMap
1:26:19 PM System entered node Main Map
1:26:21 PM User clicked button FastRPGToArena
1:26:21 PM System entered node BrokerControlTest
1:26:25 PM System entered node ArenaResult
1:26:29 PM User clicked button FastRPGCancel
1:26:29 PM System entered node Character
1:26:30 PM User clicked button FastRPGToMap
1:26:30 PM System entered node Main Map
1:26:32 PM User clicked button FastRPGToTraining
1:26:32 PM System entered node Trainer
1:26:33 PM System entered node TrainerResult
1:26:36 PM User clicked button FastRPGCancel
1:26:36 PM System entered node Character
1:26:38 PM User clicked button FastRPGToMap
1:26:38 PM System entered node Main Map
1:26:39 PM User clicked button FastRPGToArena
1:26:39 PM System entered node BrokerControlTest
1:26:40 PM System entered node ArenaResult
1:26:43 PM User clicked button FastRPGCancel
1:26:43 PM System entered node Character
1:26:45 PM User clicked button FastRPGToMap
1:26:45 PM System entered node Main Map
1:26:45 PM User clicked button FastRPGToArena
1:26:45 PM System entered node BrokerControlTest
1:26:57 PM System entered node ArenaResult
1:27:00 PM User clicked button FastRPGCancel
1:27:00 PM System entered node Character
1:27:01 PM User clicked button FastRPGToMap
1:27:01 PM System entered node Main Map
1:27:02 PM User clicked button FastRPGToTraining
1:27:02 PM System entered node Trainer
1:27:03 PM System entered node TrainerResult
1:27:07 PM User clicked button FastRPGCancel
1:27:07 PM System entered node Character
1:27:08 PM User clicked button FastRPGToMap
1:27:08 PM System entered node Main Map
1:27:08 PM User clicked button FastRPGToArena
1:27:08 PM System entered node BrokerControlTest
1:27:10 PM System entered node ArenaResult
1:27:13 PM User clicked button FastRPGCancel
1:27:13 PM System entered node Character
1:27:14 PM User clicked button FastRPGToMap
1:27:14 PM System entered node Main Map
1:27:15 PM User clicked button FastRPGToArena
1:27:15 PM System entered node BrokerControlTest
1:27:18 PM User clicked button FastRPGCancel
1:27:18 PM System entered node Character
1:27:26 PM System saved game
