10/28/2019
10:52:28 AM System entered node Start
10:52:28 AM System entered node Character
10:52:43 AM User clicked button FastRPGToMap
10:52:43 AM System entered node Main Map
11:18:33 AM System loaded game
11:18:35 AM System entered node Start
11:18:35 AM System entered node Character
11:18:39 AM User clicked button FastRPGToMap
11:18:39 AM System entered node Main Map
11:18:41 AM User clicked button FastRPGToFood
11:18:41 AM System entered node Cook
11:18:42 AM System entered node CookResult
11:18:46 AM User clicked button FastRPGCancel
11:18:46 AM System entered node Character
11:18:51 AM User clicked button FastRPGToMap
11:18:51 AM System entered node Main Map
11:18:52 AM User clicked button FastRPGToTraining
11:18:52 AM System entered node Trainer
11:18:54 AM System entered node TrainerResult
11:18:58 AM User clicked button FastRPGCancel
11:18:58 AM System entered node Character
11:19:00 AM User clicked button FastRPGToMap
11:19:00 AM System entered node Main Map
11:19:01 AM User clicked button FastRPGToTraining
11:19:01 AM System entered node Trainer
11:19:05 AM System entered node TrainerResult
11:19:10 AM User clicked button FastRPGCancel
11:19:10 AM System entered node Character
11:19:13 AM System saved game
11:19:18 AM System loaded game
11:19:19 AM System entered node Start
11:19:19 AM System entered node Character
11:19:23 AM System saved game
11:42:46 AM System loaded game
11:42:48 AM System entered node Start
11:42:48 AM System entered node Character
11:42:56 AM System saved game
11:43:00 AM System loaded game
11:43:02 AM System entered node Start
11:43:02 AM System entered node Character
11:43:08 AM User clicked button FastRPGToMap
11:43:08 AM System entered node Main Map
11:43:10 AM User clicked button FastRPGToTraining
11:43:10 AM System entered node Trainer
11:43:15 AM System entered node TrainerResult
11:43:30 AM User clicked button FastRPGCancel
11:43:30 AM System entered node Character
11:43:34 AM User clicked button FastRPGToMap
11:43:34 AM System entered node Main Map
11:43:36 AM User clicked button FastRPGToFood
11:43:36 AM System entered node Cook
11:43:36 AM System entered node CookResult
11:43:41 AM User clicked button FastRPGCancel
11:43:41 AM System entered node Character
11:43:42 AM User clicked button FastRPGToMap
11:43:42 AM System entered node Main Map
11:43:43 AM User clicked button FastRPGToArena
11:43:43 AM System entered node Arena Broker
11:43:46 AM System entered node ArenaResult
11:43:51 AM User clicked button FastRPGCancel
11:43:51 AM System entered node Character
11:43:53 AM System saved game
11:43:58 AM System loaded game
11:43:59 AM System entered node Start
11:43:59 AM System entered node Character
11:44:03 AM System saved game
