12/9/2019
2:18:33 PM System loaded game
2:18:43 PM User clicked button SprookjesRPGBack
2:18:47 PM User clicked button SprookjesRPGBack
2:19:00 PM User clicked button SprookjesRPGBack
2:19:03 PM User clicked button SprookjesRPGToTestTypeChoice
2:19:04 PM User clicked button SprookjesRPGBack
2:19:08 PM User clicked button SprookjesRPGBack
2:19:09 PM User clicked button SprookjesRPGToTestTypeChoice
2:19:12 PM System saved game
2:20:01 PM System loaded game
2:20:05 PM User clicked button SprookjesRPGBack
2:20:07 PM User clicked button SprookjesRPGToTestTypeChoice
2:20:11 PM User clicked button SprookjesRPGBack
2:20:13 PM System saved game
2:21:24 PM System loaded game
2:21:30 PM User clicked button SprookjesRPGBack
2:21:33 PM User clicked button SprookjesRPGToTestTypeChoice
2:21:37 PM User clicked button SprookjesRPGBack
2:21:39 PM User clicked button SprookjesRPGBack
2:21:41 PM User clicked button SprookjesRPGBack
2:21:43 PM System saved game
2:22:40 PM System loaded game
2:22:45 PM User clicked button SprookjesRPGBack
2:22:54 PM System saved game
2:23:27 PM System loaded game
2:23:44 PM User clicked button SprookjesRPGBack
2:23:46 PM User clicked button SprookjesRPGToTestTypeChoice
2:23:58 PM System saved game
2:26:34 PM System loaded game
2:26:38 PM User clicked button SprookjesRPGBack
2:26:39 PM User clicked button SprookjesRPGToTestTypeChoice
2:27:09 PM User clicked button SprookjesRPGBack
2:27:10 PM User clicked button SprookjesRPGToTestTypeChoice
2:27:20 PM User clicked button SprookjesRPGBack
2:27:21 PM User clicked button SprookjesRPGToTestTypeChoice
2:27:30 PM User clicked button SprookjesRPGBack
2:27:36 PM User clicked button SprookjesRPGBack
2:27:41 PM User clicked button SprookjesRPGBack
2:28:10 PM System saved game
3:04:07 PM System loaded game
3:04:12 PM User clicked button SprookjesRPGBack
3:04:31 PM User clicked button SprookjesRPGBack
3:04:46 PM User clicked button SprookjesRPGBack
3:04:47 PM User clicked button SprookjesRPGToTestTypeChoice
3:04:56 PM User clicked button SprookjesRPGBack
3:04:59 PM System saved game
