12/17/2019
9:34:00 AM System loaded game
9:34:16 AM System saved game
9:35:08 AM System loaded game
9:36:22 AM System saved game
9:38:05 AM System loaded game
9:38:24 AM User clicked button SprookjesRPGBack
9:38:25 AM User clicked button SprookjesRPGToSettings
9:38:48 AM User clicked button SprookjesRPGBack
9:38:52 AM User clicked button SprookjesRPGBack
9:38:59 AM User clicked button SprookjesRPGBack
9:39:10 AM User clicked button SprookjesRPGBack
9:39:11 AM User clicked button SprookjesRPGToTestTypeChoice
9:39:23 AM User clicked button SprookjesRPGBack
9:39:30 AM User clicked button SprookjesRPGBack
9:39:31 AM User clicked button SprookjesRPGToTestTypeChoice
9:39:42 AM User clicked button SprookjesRPGBack
9:39:48 AM User clicked button SprookjesRPGBack
9:39:54 AM User clicked button SprookjesRPGBack
9:39:55 AM User clicked button SprookjesRPGToTestTypeChoice
9:40:13 AM User clicked button SprookjesRPGBack
9:40:14 AM User clicked button SprookjesRPGToTestTypeChoice
9:40:41 AM User clicked button SprookjesRPGBack
9:40:48 AM User clicked button SprookjesRPGBack
9:40:48 AM User clicked button SprookjesRPGToTestTypeChoice
9:40:51 AM User clicked button SprookjesRPGBack
9:41:11 AM User clicked button SprookjesRPGBack
9:41:17 AM User clicked button SprookjesRPGBack
9:41:18 AM User clicked button SprookjesRPGToTestTypeChoice
9:41:39 AM User clicked button CustomOk
9:43:18 AM User clicked button SprookjesRPGBack
9:43:19 AM User clicked button SprookjesRPGToTestTypeChoice
9:43:49 AM User clicked button CustomOk
10:47:15 AM System saved game
10:51:27 AM System loaded game
10:51:34 AM User clicked button SprookjesRPGBack
10:51:36 AM User clicked button SprookjesRPGToSettings
10:51:53 AM User clicked button SprookjesRPGBack
10:51:59 AM System saved game
10:52:15 AM System loaded game
10:54:14 AM System saved game
10:54:20 AM System loaded game
10:54:33 AM System saved game
