10/12/2019
08:19:58 System loaded game
08:20:07 User clicked button SprookjesRPGBack
08:20:10 User clicked button SprookjesRPGBack
08:20:12 User clicked button SprookjesRPGToTestTypeChoice
08:20:20 User clicked button SprookjesRPGBack
08:21:19 System saved game
08:23:08 System loaded game
08:23:13 User clicked button SprookjesRPGBack
08:23:22 User clicked button SprookjesRPGBack
08:23:23 User clicked button SprookjesRPGToTestTypeChoice
08:23:34 User clicked button SprookjesRPGBack
08:23:42 User clicked button SprookjesRPGBack
08:23:43 User clicked button SprookjesRPGToTestTypeChoice
08:23:56 User clicked button SprookjesRPGBack
08:24:09 User clicked button SprookjesRPGBack
08:24:17 User clicked button SprookjesRPGBack
08:24:18 User clicked button SprookjesRPGToTestTypeChoice
08:24:59 User clicked button SprookjesRPGBack
08:25:07 User clicked button SprookjesRPGBack
08:25:13 User clicked button SprookjesRPGBack
08:25:20 User clicked button SprookjesRPGBack
08:25:25 User clicked button SprookjesRPGBack
08:25:26 User clicked button SprookjesRPGToTestTypeChoice
08:25:29 User clicked button SprookjesRPGBack
08:25:31 User clicked button SprookjesRPGBack
08:25:43 System saved game
08:30:45 System loaded game
08:30:49 System saved game
08:31:30 System loaded game
08:32:03 System saved game
09:45:31 System loaded game
09:45:35 User clicked button SprookjesRPGBack
09:45:37 User clicked button SprookjesRPGToTestTypeChoice
09:46:45 System saved game
16:03:51 System loaded game
16:04:13 User clicked button SprookjesRPGBack
16:04:52 User clicked button SprookjesRPGBack
16:05:11 System saved game
16:05:17 System loaded game
16:07:06 System saved game
16:09:19 System loaded game
16:10:09 System saved game
16:12:15 System loaded game
16:12:21 User clicked button SprookjesRPGBack
16:12:24 User clicked button SprookjesRPGBack
16:12:33 User clicked button SprookjesRPGBack
16:12:35 User clicked button SprookjesRPGToTestTypeChoice
16:13:00 User clicked button SprookjesRPGBack
16:13:07 User clicked button SprookjesRPGBack
16:13:10 User clicked button SprookjesRPGBack
16:13:11 User clicked button SprookjesRPGToTestTypeChoice
16:13:48 User clicked button SprookjesRPGBack
16:13:49 User clicked button SprookjesRPGToTestTypeChoice
16:13:52 User clicked button SprookjesRPGBack
16:13:59 User clicked button SprookjesRPGBack
16:14:06 User clicked button SprookjesRPGBack
16:14:07 User clicked button SprookjesRPGToTestTypeChoice
16:14:25 User clicked button SprookjesRPGBack
16:14:28 User clicked button SprookjesRPGToTestTypeChoice
16:16:10 System saved game
16:16:15 System loaded game
16:16:19 User clicked button SprookjesRPGBack
16:16:20 User clicked button SprookjesRPGToTestTypeChoice
16:16:46 User clicked button SprookjesRPGBack
16:16:48 User clicked button SprookjesRPGToTestTypeChoice
16:16:57 User clicked button SprookjesRPGBack
16:17:06 User clicked button SprookjesRPGBack
16:17:14 User clicked button SprookjesRPGBack
16:17:21 User clicked button SprookjesRPGBack
16:17:22 User clicked button SprookjesRPGToTestTypeChoice
16:21:07 System saved game
