11/25/2019
9:13:14 AM System loaded game
9:13:18 AM User clicked button SprookjesRPGToTestTypeChoice
9:13:24 AM System saved game
9:13:53 AM System loaded game
9:14:13 AM User clicked button SprookjesRPGToTestTypeChoice
9:14:34 AM System saved game
9:15:36 AM System loaded game
9:15:39 AM User clicked button SprookjesRPGToTestTypeChoice
9:16:03 AM System saved game
9:20:04 AM System loaded game
9:20:07 AM User clicked button SprookjesRPGToTestTypeChoice
9:20:20 AM System saved game
9:26:30 AM System loaded game
9:26:32 AM User clicked button SprookjesRPGToTestTypeChoice
9:26:57 AM System saved game
9:27:23 AM System loaded game
9:27:25 AM User clicked button SprookjesRPGToTestTypeChoice
9:27:47 AM System saved game
9:28:26 AM System loaded game
9:28:29 AM User clicked button SprookjesRPGToTestTypeChoice
9:28:48 AM System saved game
9:33:26 AM System loaded game
9:33:28 AM User clicked button SprookjesRPGToTestTypeChoice
9:33:48 AM System saved game
9:34:22 AM System loaded game
9:34:24 AM User clicked button SprookjesRPGToTestTypeChoice
9:34:42 AM System saved game
9:35:51 AM System loaded game
9:35:54 AM User clicked button SprookjesRPGToTestTypeChoice
9:36:17 AM System saved game
9:38:02 AM System loaded game
9:38:05 AM User clicked button SprookjesRPGToTestTypeChoice
9:38:28 AM System saved game
9:42:05 AM System loaded game
9:42:08 AM User clicked button SprookjesRPGToTestTypeChoice
9:42:21 AM System saved game
9:43:41 AM System loaded game
9:43:44 AM User clicked button SprookjesRPGToTestTypeChoice
9:44:06 AM System saved game
10:08:29 AM System loaded game
10:08:39 AM User clicked button SprookjesRPGToTestTypeChoice
10:09:00 AM System saved game
10:10:37 AM System loaded game
10:10:46 AM User clicked button SprookjesRPGToTestTypeChoice
10:11:10 AM System saved game
10:22:11 AM System loaded game
10:22:14 AM User clicked button SprookjesRPGToTestTypeChoice
10:22:35 AM System saved game
10:24:25 AM System loaded game
10:24:38 AM User clicked button SprookjesRPGBack
10:25:57 AM User clicked button SprookjesRPGBack
10:26:01 AM User clicked button SprookjesRPGBack
10:26:05 AM User clicked button SprookjesRPGBack
10:26:06 AM User clicked button SprookjesRPGToTestTypeChoice
10:26:13 AM User clicked button SprookjesRPGBack
10:26:33 AM User clicked button SprookjesRPGToTestTypeChoice
10:29:51 AM System saved game
10:49:15 AM System loaded game
10:49:28 AM System saved game
10:50:49 AM System loaded game
10:50:58 AM User clicked button SprookjesRPGBack
10:51:02 AM User clicked button SprookjesRPGBack
10:51:06 AM System saved game
10:51:26 AM System loaded game
10:51:33 AM User clicked button SprookjesRPGBack
10:51:40 AM User clicked button SprookjesRPGBack
10:51:44 AM System saved game
