12/12/2019
9:34:06 AM System loaded game
9:34:14 AM System saved game
9:40:09 AM System loaded game
9:40:40 AM System saved game
9:45:10 AM System loaded game
9:45:28 AM User clicked button SprookjesRPGBack
9:45:30 AM User clicked button SprookjesRPGToTestTypeChoice
9:45:31 AM User clicked button SprookjesRPGBack
9:45:34 AM User clicked button SprookjesRPGBack
9:45:35 AM User clicked button SprookjesRPGToTestTypeChoice
9:45:36 AM User clicked button SprookjesRPGBack
9:45:45 AM User clicked button SprookjesRPGBack
9:45:56 AM System saved game
10:06:29 AM System loaded game
10:06:53 AM User clicked button SprookjesRPGBack
10:06:57 AM System saved game
10:14:22 AM System loaded game
10:14:50 AM User clicked button SprookjesRPGBack
10:14:51 AM User clicked button SprookjesRPGToSettings
10:15:11 AM System saved game
10:58:52 AM System loaded game
10:59:01 AM System saved game
11:01:04 AM System loaded game
11:01:10 AM User clicked button SprookjesRPGBack
11:01:13 AM User clicked button SprookjesRPGBack
11:01:14 AM User clicked button SprookjesRPGToSettings
11:01:40 AM User clicked button SprookjesRPGBack
11:03:39 AM System saved game
11:04:45 AM System loaded game
11:04:54 AM User clicked button SprookjesRPGBack
11:04:55 AM User clicked button SprookjesRPGToSettings
11:05:22 AM User clicked button SprookjesRPGBack
11:08:12 AM System saved game
11:08:18 AM System loaded game
11:08:25 AM User clicked button SprookjesRPGBack
11:08:26 AM User clicked button SprookjesRPGToSettings
11:08:52 AM User clicked button SprookjesRPGBack
11:09:11 AM User clicked button SprookjesRPGBack
11:09:14 AM User clicked button SprookjesRPGBack
11:09:28 AM User clicked button SprookjesRPGBack
11:09:41 AM System saved game
11:27:10 AM System loaded game
11:27:15 AM User clicked button SprookjesRPGBack
11:28:08 AM System saved game
11:28:29 AM System loaded game
11:28:33 AM User clicked button SprookjesRPGBack
11:28:42 AM User clicked button SprookjesRPGBack
11:28:44 AM User clicked button SprookjesRPGToTestTypeChoice
11:28:45 AM User clicked button SprookjesRPGBack
11:28:47 AM User clicked button SprookjesRPGToSettings
11:29:14 AM User clicked button SprookjesRPGBack
11:29:19 AM User clicked button SprookjesRPGBack
11:29:29 AM System saved game
12:09:04 PM System loaded game
12:09:10 PM User clicked button SprookjesRPGBack
12:09:11 PM User clicked button SprookjesRPGToSettings
12:09:15 PM System saved game
12:10:12 PM System loaded game
12:10:21 PM System saved game
12:11:43 PM System loaded game
12:12:08 PM User clicked button SprookjesRPGBack
12:12:11 PM System saved game
12:12:36 PM System loaded game
12:13:08 PM System saved game
12:15:53 PM System loaded game
12:17:04 PM User clicked button SprookjesRPGBack
12:17:06 PM User clicked button SprookjesRPGToSettings
12:17:35 PM User clicked button SprookjesRPGBack
12:17:46 PM System saved game
