11/14/2019
10:00:01 AM System loaded game
10:00:02 AM System entered node Start
10:00:02 AM System entered node Character
10:00:03 AM User clicked button FastRPGToMap
10:00:04 AM System entered node Main Map
10:00:10 AM User clicked button FastRPGToTraining
10:00:10 AM System entered node Trainer
10:00:18 AM System saved game
10:00:42 AM System loaded game
10:00:43 AM System entered node Start
10:00:43 AM System entered node Character
10:00:45 AM User clicked button FastRPGToMap
10:00:45 AM System entered node Main Map
10:00:46 AM User clicked button FastRPGToTraining
10:00:46 AM System entered node Trainer
10:00:50 AM System saved game
10:04:03 AM System loaded game
10:04:05 AM System entered node Start
10:04:05 AM System entered node Character
10:04:14 AM User clicked button FastRPGToMap
10:04:14 AM System entered node Main Map
10:04:16 AM User clicked button FastRPGToTraining
10:04:16 AM System entered node Trainer
10:04:16 AM System entered node TrainerResult
10:04:49 AM System saved game
10:12:24 AM System loaded game
10:12:26 AM System entered node Start
10:12:26 AM System entered node Character
10:12:32 AM User clicked button FastRPGToMap
10:12:32 AM System entered node Main Map
10:12:34 AM User clicked button FastRPGToTraining
10:12:34 AM System entered node Trainer
10:12:35 AM System entered node TrainerResult
10:13:16 AM System saved game
