12/11/2019
10:47:15 AM System loaded game
10:47:34 AM System saved game
10:47:38 AM System loaded game
10:48:54 AM User clicked button SprookjesRPGBack
10:48:59 AM User clicked button SprookjesRPGBack
10:49:20 AM User clicked button SprookjesRPGBack
10:49:26 AM User clicked button SprookjesRPGBack
10:49:31 AM User clicked button SprookjesRPGBack
10:49:52 AM User clicked button SprookjesRPGBack
10:49:53 AM User clicked button SprookjesRPGToTestTypeChoice
10:50:07 AM User clicked button SprookjesRPGBack
10:50:16 AM User clicked button SprookjesRPGBack
10:50:24 AM User clicked button SprookjesRPGBack
10:50:25 AM User clicked button SprookjesRPGToTestTypeChoice
10:51:36 AM User clicked button SprookjesRPGBack
11:14:25 AM System saved game
11:45:12 AM System loaded game
11:45:16 AM User clicked button SprookjesRPGBack
11:45:18 AM User clicked button SprookjesRPGToTestTypeChoice
11:45:22 AM System saved game
11:58:33 AM System loaded game
11:58:39 AM User clicked button SprookjesRPGBack
11:58:40 AM User clicked button SprookjesRPGToTestTypeChoice
11:59:23 AM User clicked button SprookjesRPGBack
11:59:26 AM User clicked button SprookjesRPGToTestTypeChoice
11:59:28 AM User clicked button SprookjesRPGBack
11:59:29 AM System saved game
12:00:09 PM System loaded game
12:00:19 PM System saved game
12:00:23 PM System loaded game
12:00:39 PM User clicked button SprookjesRPGBack
12:00:42 PM User clicked button SprookjesRPGBack
12:00:51 PM User clicked button SprookjesRPGBack
12:01:11 PM User clicked button SprookjesRPGBack
12:01:12 PM User clicked button SprookjesRPGToTestTypeChoice
12:02:10 PM System saved game
12:02:15 PM System loaded game
12:02:19 PM User clicked button SprookjesRPGBack
12:02:21 PM User clicked button SprookjesRPGToTestTypeChoice
12:02:36 PM User clicked button SprookjesRPGBack
12:02:42 PM User clicked button SprookjesRPGBack
12:02:53 PM User clicked button SprookjesRPGBack
12:03:00 PM User clicked button SprookjesRPGBack
12:03:02 PM User clicked button SprookjesRPGToTestTypeChoice
12:03:22 PM User clicked button SprookjesRPGBack
12:03:29 PM User clicked button SprookjesRPGBack
12:03:35 PM User clicked button SprookjesRPGBack
12:03:37 PM User clicked button SprookjesRPGToTestTypeChoice
12:03:53 PM User clicked button SprookjesRPGBack
12:04:01 PM User clicked button SprookjesRPGBack
12:04:07 PM User clicked button SprookjesRPGBack
12:04:13 PM User clicked button SprookjesRPGBack
12:04:14 PM User clicked button SprookjesRPGToTestTypeChoice
12:04:31 PM User clicked button SprookjesRPGBack
12:04:32 PM User clicked button SprookjesRPGToTestTypeChoice
12:04:48 PM User clicked button SprookjesRPGBack
12:04:55 PM User clicked button SprookjesRPGBack
12:05:01 PM User clicked button SprookjesRPGBack
12:05:07 PM User clicked button SprookjesRPGBack
12:05:15 PM User clicked button SprookjesRPGBack
12:05:16 PM User clicked button SprookjesRPGToTestTypeChoice
12:17:32 PM System saved game
