12/10/2019
11:05:07 AM System loaded game
11:05:13 AM User clicked button SprookjesRPGBack
11:05:17 AM User clicked button SprookjesRPGBack
11:05:33 AM System saved game
11:07:34 AM System loaded game
11:07:38 AM User clicked button SprookjesRPGBack
11:07:40 AM User clicked button SprookjesRPGBack
11:07:41 AM System saved game
11:08:56 AM System loaded game
11:09:06 AM User clicked button SprookjesRPGBack
11:09:17 AM User clicked button SprookjesRPGBack
11:09:25 AM User clicked button SprookjesRPGBack
11:09:26 AM User clicked button SprookjesRPGToTestTypeChoice
11:09:40 AM User clicked button SprookjesRPGBack
11:09:41 AM User clicked button SprookjesRPGToTestTypeChoice
11:10:48 AM System saved game
12:24:01 PM System loaded game
12:24:11 PM User clicked button SprookjesRPGBack
12:24:13 PM User clicked button SprookjesRPGToTestTypeChoice
12:24:38 PM User clicked button SprookjesRPGBack
12:24:46 PM User clicked button SprookjesRPGBack
12:24:52 PM User clicked button SprookjesRPGBack
12:24:54 PM User clicked button SprookjesRPGToTestTypeChoice
12:25:11 PM User clicked button SprookjesRPGBack
12:25:17 PM User clicked button SprookjesRPGBack
12:25:18 PM User clicked button SprookjesRPGToTestTypeChoice
12:25:33 PM User clicked button SprookjesRPGBack
12:25:35 PM User clicked button SprookjesRPGToTestTypeChoice
1:06:05 PM System saved game
1:13:18 PM System loaded game
1:13:39 PM System saved game
1:14:29 PM System loaded game
1:15:20 PM System saved game
2:33:21 PM System loaded game
2:33:35 PM User clicked button SprookjesRPGBack
2:33:48 PM User clicked button SprookjesRPGBack
2:33:54 PM User clicked button SprookjesRPGBack
2:33:58 PM User clicked button SprookjesRPGBack
2:34:06 PM User clicked button SprookjesRPGBack
2:34:18 PM System saved game
2:45:48 PM System loaded game
2:46:15 PM System saved game
2:50:22 PM System loaded game
2:51:52 PM System saved game
2:52:15 PM System loaded game
2:53:25 PM System saved game
2:54:23 PM System loaded game
2:54:33 PM User clicked button SprookjesRPGBack
2:54:41 PM User clicked button SprookjesRPGBack
2:55:37 PM System saved game
