11/12/2019
08:13:02 System loaded game
08:13:48 System saved game
08:18:04 System loaded game
08:18:12 User clicked button SprookjesRPGBack
08:18:19 User clicked button SprookjesRPGBack
08:18:23 User clicked button SprookjesRPGBack
08:18:30 User clicked button SprookjesRPGBack
08:18:31 User clicked button SprookjesRPGToTestTypeChoice
08:18:39 User clicked button SprookjesRPGBack
08:18:41 User clicked button SprookjesRPGToTestTypeChoice
08:18:42 User clicked button SprookjesRPGBack
08:18:46 User clicked button SprookjesRPGBack
08:18:47 User clicked button SprookjesRPGToTestTypeChoice
08:19:35 System saved game
08:22:56 System loaded game
08:23:08 User clicked button SprookjesRPGBack
08:23:11 User clicked button SprookjesRPGToTestTypeChoice
08:23:36 System saved game
08:24:10 System loaded game
08:24:18 User clicked button SprookjesRPGBack
08:24:20 User clicked button SprookjesRPGToTestTypeChoice
08:24:48 User clicked button SprookjesRPGBack
08:24:49 User clicked button SprookjesRPGToTestTypeChoice
08:25:02 System saved game
09:30:55 System loaded game
09:31:10 User clicked button SprookjesRPGBack
09:31:11 User clicked button SprookjesRPGToTestTypeChoice
09:31:36 User clicked button SprookjesRPGBack
09:31:49 User clicked button SprookjesRPGBack
09:31:56 User clicked button SprookjesRPGBack
09:31:57 User clicked button SprookjesRPGToTestTypeChoice
09:32:08 User clicked button SprookjesRPGBack
09:32:09 User clicked button SprookjesRPGToTestTypeChoice
09:32:42 User clicked button SprookjesRPGBack
09:32:48 User clicked button SprookjesRPGBack
09:33:48 User clicked button SprookjesRPGBack
09:33:50 System saved game
09:33:57 System loaded game
09:34:16 User clicked button SprookjesRPGBack
09:34:22 User clicked button SprookjesRPGBack
09:34:26 User clicked button SprookjesRPGBack
09:35:22 User clicked button SprookjesRPGBack
09:35:23 User clicked button SprookjesRPGToTestTypeChoice
09:36:02 User clicked button SprookjesRPGBack
09:36:10 User clicked button SprookjesRPGBack
09:36:17 User clicked button SprookjesRPGBack
09:36:18 User clicked button SprookjesRPGToTestTypeChoice
09:36:26 User clicked button SprookjesRPGBack
09:36:27 User clicked button SprookjesRPGToTestTypeChoice
09:38:07 User clicked button SprookjesRPGBack
09:38:14 User clicked button SprookjesRPGBack
09:38:15 User clicked button SprookjesRPGToTestTypeChoice
09:38:30 User clicked button SprookjesRPGBack
09:38:31 User clicked button SprookjesRPGToTestTypeChoice
09:40:27 User clicked button SprookjesRPGBack
09:40:36 User clicked button SprookjesRPGBack
09:40:38 User clicked button SprookjesRPGToTestTypeChoice
09:40:48 User clicked button SprookjesRPGBack
09:40:49 User clicked button SprookjesRPGToTestTypeChoice
09:46:51 User clicked button SprookjesRPGBack
09:50:55 User clicked button SprookjesRPGBack
09:51:03 User clicked button SprookjesRPGBack
09:51:21 User clicked button SprookjesRPGBack
09:51:31 User clicked button SprookjesRPGBack
09:51:39 User clicked button SprookjesRPGBack
09:52:47 System saved game
