12/2/2019
10:05:14 AM System loaded game
10:05:26 AM User clicked button SprookjesRPGBack
10:05:27 AM System saved game
10:05:46 AM System loaded game
10:06:46 AM System saved game
10:07:31 AM System loaded game
10:08:46 AM System saved game
10:09:25 AM System loaded game
10:10:28 AM System saved game
10:32:59 AM System loaded game
10:34:31 AM System saved game
10:37:42 AM System loaded game
10:38:51 AM System saved game
10:40:32 AM System loaded game
10:40:47 AM System saved game
10:42:16 AM System loaded game
10:42:49 AM System saved game
10:44:35 AM System loaded game
10:44:57 AM System saved game
10:45:01 AM System loaded game
10:47:22 AM System saved game
10:52:34 AM System loaded game
10:53:03 AM System saved game
10:54:22 AM System loaded game
10:54:36 AM System saved game
10:55:39 AM System loaded game
10:56:15 AM System saved game
10:58:16 AM System loaded game
10:58:37 AM System saved game
10:58:59 AM System loaded game
10:59:18 AM System saved game
11:52:33 AM System loaded game
11:52:55 AM User clicked button SprookjesRPGBack
11:53:11 AM System saved game
12:12:46 PM System loaded game
12:12:51 PM System saved game
12:15:35 PM System loaded game
12:16:25 PM System saved game
12:16:54 PM System loaded game
12:17:17 PM System saved game
1:21:28 PM System loaded game
1:21:46 PM System saved game
1:26:24 PM System loaded game
1:26:41 PM User clicked button GeneralUnnamed
1:26:44 PM User clicked button GeneralUnnamed
1:26:45 PM User clicked button GeneralUnnamed
1:26:45 PM User clicked button GeneralUnnamed
1:26:45 PM User clicked button GeneralUnnamed
1:26:45 PM User clicked button GeneralUnnamed
1:26:45 PM User clicked button GeneralUnnamed
1:26:45 PM User clicked button GeneralUnnamed
1:26:51 PM System saved game
1:27:19 PM System loaded game
1:27:34 PM User clicked button SprookjesRPGBack
1:27:39 PM System saved game
