11/26/2019
9:21:39 AM System loaded game
9:21:48 AM User clicked button SprookjesRPGToSettings
9:21:49 AM User clicked button SprookjesRPGBack
9:21:51 AM User clicked button SprookjesRPGToTestTypeChoice
9:21:53 AM User clicked button SprookjesRPGBack
9:21:57 AM User clicked button SprookjesRPGBack
9:21:59 AM User clicked button SprookjesRPGBack
9:22:02 AM User clicked button SprookjesRPGBack
9:22:07 AM User clicked button SprookjesRPGBack
9:22:13 AM User clicked button SprookjesRPGToTestTypeChoice
9:22:29 AM System saved game
9:49:17 AM System loaded game
9:49:23 AM User clicked button SprookjesRPGBack
9:51:17 AM System saved game
9:51:21 AM System loaded game
9:52:25 AM User clicked button SprookjesRPGBack
9:52:35 AM User clicked button SprookjesRPGBack
9:52:38 AM System saved game
10:02:22 AM System loaded game
10:12:16 AM User clicked button SprookjesRPGBack
10:12:17 AM User clicked button SprookjesRPGToTestTypeChoice
10:12:20 AM User clicked button SprookjesRPGBack
10:12:21 AM System saved game
10:17:42 AM System loaded game
10:21:00 AM System saved game
10:27:00 AM System loaded game
10:27:01 AM System saved game
10:27:19 AM System loaded game
10:27:30 AM System saved game
10:27:45 AM System loaded game
10:27:55 AM System saved game
10:28:11 AM System loaded game
10:28:17 AM User clicked button SprookjesRPGBack
10:28:19 AM User clicked button SprookjesRPGToSettings
10:28:20 AM User clicked button SprookjesRPGBack
10:28:56 AM System saved game
10:34:15 AM System loaded game
10:35:01 AM System saved game
