11/18/2019
9:27:36 AM System loaded game
9:27:38 AM System entered node Start
9:27:38 AM System entered node Character
9:27:40 AM System saved game
9:30:56 AM System entered node Start
9:30:56 AM System entered node Hub
9:49:38 AM System entered node Start
9:49:38 AM System entered node Hub
9:49:49 AM System entered node Training
9:51:19 AM System entered node Start
9:51:19 AM System entered node Hub
9:51:22 AM System entered node Training
9:51:28 AM User clicked button SprookjesRPGBack
9:51:28 AM System entered node Hub
9:51:32 AM System entered node Training
9:51:50 AM System entered node Start
9:51:50 AM System entered node Hub
9:51:53 AM System entered node Training
9:51:55 AM User clicked button SprookjesRPGBack
9:51:55 AM System entered node Hub
9:51:58 AM System entered node Training
9:52:00 AM User clicked button SprookjesRPGBack
9:52:00 AM System entered node Hub
9:52:02 AM System entered node Training
9:52:05 AM User clicked button SprookjesRPGBack
9:52:05 AM System entered node Hub
9:56:26 AM System loaded game
9:56:26 AM System entered node Start
9:56:26 AM System entered node Hub
9:56:28 AM System entered node Training
9:56:47 AM User clicked button SprookjesRPGBack
9:56:47 AM System entered node Hub
9:56:49 AM System saved game
9:57:26 AM System loaded game
9:57:27 AM System entered node Start
9:57:27 AM System entered node Hub
9:57:43 AM System saved game
9:58:26 AM System loaded game
9:58:28 AM System entered node Start
9:58:28 AM System entered node Hub
9:58:39 AM System entered node Training
9:58:41 AM User clicked button SprookjesRPGBack
9:58:41 AM System entered node Hub
9:58:43 AM System entered node Training
9:58:48 AM User clicked button SprookjesRPGBack
9:58:48 AM System entered node Hub
9:58:50 AM System entered node Training
9:58:54 AM System saved game
9:59:18 AM System loaded game
9:59:19 AM System entered node Start
9:59:19 AM System entered node Hub
9:59:20 AM System entered node Training
9:59:26 AM User clicked button SprookjesRPGBack
9:59:26 AM System entered node Hub
9:59:30 AM User clicked button SprookjesRPGToTestTypeChoice
9:59:30 AM System entered node TestTypeChoice
9:59:34 AM System saved game
10:12:11 AM System loaded game
10:12:12 AM System entered node Start
10:12:12 AM System entered node Hub
10:12:14 AM System entered node TrainingBroker
10:12:16 AM System entered node TrainingBrokerResult
10:12:45 AM System saved game
10:26:34 AM System loaded game
10:26:36 AM System entered node Start
10:26:36 AM System entered node Hub
10:26:37 AM System entered node TrainingBroker
10:26:39 AM User clicked button SprookjesRPGBack
10:26:39 AM System entered node Hub
10:26:41 AM System entered node TrainingBroker
10:26:45 AM System entered node TrainingBrokerResult
10:27:19 AM System saved game
10:34:39 AM System loaded game
10:34:40 AM System entered node Start
10:34:40 AM System entered node Hub
10:34:43 AM System entered node TrainingBroker
10:34:44 AM System entered node TrainingBrokerResult
10:35:02 AM System saved game
10:35:49 AM System loaded game
10:35:51 AM System entered node Start
10:35:51 AM System entered node Hub
10:35:52 AM System entered node TrainingBroker
10:35:53 AM System entered node TrainingBrokerResult
10:36:15 AM System saved game
10:36:30 AM System loaded game
10:36:31 AM System entered node Start
10:36:31 AM System entered node Hub
10:36:32 AM System entered node TrainingBroker
10:36:33 AM System entered node TrainingBrokerResult
10:36:38 AM System entered node TrainingGameResult
10:36:41 AM User clicked button SprookjesRPGBack
10:36:41 AM System entered node Hub
10:36:44 AM User clicked button SprookjesRPGToTestTypeChoice
10:36:44 AM System entered node TestTypeChoice
10:36:46 AM System saved game
10:39:49 AM System loaded game
10:39:50 AM System entered node Start
10:39:50 AM System entered node Hub
10:39:52 AM User clicked button SprookjesRPGToTestTypeChoice
10:39:52 AM System entered node TestTypeChoice
10:39:58 AM System saved game
10:40:32 AM System loaded game
10:40:33 AM System entered node Start
10:40:33 AM System entered node Hub
10:40:36 AM User clicked button SprookjesRPGToTestTypeChoice
10:40:36 AM System entered node TestTypeChoice
10:40:39 AM User clicked button SprookjesRPGBack
10:40:39 AM System entered node Hub
10:40:41 AM User clicked button SprookjesRPGToTestTypeChoice
10:40:41 AM System entered node TestTypeChoice
10:40:48 AM User clicked button SprookjesRPGBack
10:40:48 AM System entered node Hub
10:40:50 AM User clicked button SprookjesRPGToTestTypeChoice
10:40:50 AM System entered node TestTypeChoice
10:40:52 AM User clicked button SprookjesRPGBack
10:40:52 AM System entered node Hub
10:40:55 AM System entered node TrainingBroker
10:40:59 AM User clicked button SprookjesRPGBack
10:40:59 AM System entered node Hub
10:41:01 AM User clicked button SprookjesRPGToTestTypeChoice
10:41:01 AM System entered node TestTypeChoice
10:41:03 AM User clicked button SprookjesRPGBack
10:41:03 AM System entered node Hub
10:41:04 AM User clicked button SprookjesRPGToTestTypeChoice
10:41:04 AM System entered node TestTypeChoice
10:41:05 AM User clicked button SprookjesRPGBack
10:41:05 AM System entered node Hub
10:41:05 AM User clicked button SprookjesRPGToTestTypeChoice
10:41:05 AM System entered node TestTypeChoice
10:41:06 AM User clicked button SprookjesRPGBack
10:41:06 AM System entered node Hub
10:41:10 AM System entered node TrainingBroker
10:41:12 AM User clicked button SprookjesRPGBack
10:41:12 AM System entered node Hub
10:41:14 AM User clicked button SprookjesRPGToTestTypeChoice
10:41:14 AM System entered node TestTypeChoice
10:41:19 AM System saved game
10:56:08 AM System loaded game
10:56:09 AM System entered node Start
10:56:09 AM System entered node Hub
10:56:15 AM System saved game
10:57:02 AM System loaded game
10:57:03 AM System entered node Start
10:57:03 AM System entered node Hub
10:57:06 AM System entered node TrainingBroker
10:57:07 AM User clicked button SprookjesRPGBack
10:57:07 AM System entered node Hub
10:57:08 AM User clicked button SprookjesRPGToTestTypeChoice
10:57:08 AM System entered node TestTypeChoice
10:57:10 AM System entered node ControlTestBroker
10:57:13 AM User clicked button SprookjesRPGBack
10:57:20 AM System saved game
11:42:20 AM System loaded game
11:42:21 AM System entered node Start
11:42:21 AM System entered node Hub
11:42:29 AM System entered node TrainingBroker
11:42:32 AM User clicked button SprookjesRPGBack
11:42:32 AM System entered node Hub
11:42:34 AM User clicked button SprookjesRPGToTestTypeChoice
11:42:34 AM System entered node TestTypeChoice
11:42:37 AM System entered node ControlTestBroker
11:42:40 AM User clicked button SprookjesRPGBack
11:42:40 AM System entered node TestTypeChoice
11:42:42 AM User clicked button SprookjesRPGBack
11:42:42 AM System entered node Hub
11:42:45 AM System entered node TrainingBroker
11:42:49 AM User clicked button SprookjesRPGBack
11:42:49 AM System entered node Hub
11:43:04 AM System saved game
