12/16/2019
10:06:26 AM System loaded game
10:06:36 AM User clicked button SprookjesRPGBack
10:06:38 AM User clicked button SprookjesRPGToSettings
10:06:56 AM User clicked button SprookjesRPGBack
10:06:58 AM User clicked button SprookjesRPGBack
10:07:00 AM User clicked button SprookjesRPGToTestTypeChoice
10:07:04 AM User clicked button SprookjesRPGBack
10:07:15 AM User clicked button SprookjesRPGBack
10:07:16 AM User clicked button SprookjesRPGToTestTypeChoice
10:08:14 AM User clicked button SprookjesRPGBack
10:08:15 AM User clicked button SprookjesRPGBack
10:08:17 AM User clicked button SprookjesRPGToSettings
10:08:52 AM User clicked button SprookjesRPGBack
10:09:24 AM User clicked button SprookjesRPGBack
10:11:01 AM User clicked button SprookjesRPGBack
10:11:02 AM User clicked button SprookjesRPGToTestTypeChoice
10:11:19 AM User clicked button SprookjesRPGBack
10:11:26 AM User clicked button SprookjesRPGBack
10:11:27 AM User clicked button SprookjesRPGToTestTypeChoice
10:11:53 AM User clicked button SprookjesRPGBack
10:12:00 AM User clicked button SprookjesRPGBack
10:12:06 AM User clicked button SprookjesRPGBack
10:12:13 AM User clicked button SprookjesRPGBack
10:12:14 AM User clicked button SprookjesRPGToTestTypeChoice
10:12:45 AM User clicked button SprookjesRPGBack
10:12:52 AM User clicked button SprookjesRPGBack
10:12:58 AM User clicked button SprookjesRPGBack
10:12:59 AM User clicked button SprookjesRPGToTestTypeChoice
10:14:11 AM User clicked button SprookjesRPGBack
10:15:25 AM User clicked button SprookjesRPGBack
10:15:49 AM User clicked button SprookjesRPGBack
10:15:50 AM User clicked button SprookjesRPGToTestTypeChoice
10:16:01 AM System saved game
10:28:35 AM System loaded game
10:28:42 AM User clicked button SprookjesRPGBack
10:28:43 AM User clicked button SprookjesRPGToSettings
10:29:09 AM User clicked button SprookjesRPGBack
10:29:16 AM User clicked button SprookjesRPGBack
10:29:18 AM User clicked button SprookjesRPGToTestTypeChoice
10:29:20 AM User clicked button SprookjesRPGBack
10:29:27 AM User clicked button SprookjesRPGBack
10:29:27 AM User clicked button SprookjesRPGToTestTypeChoice
10:29:53 AM User clicked button SprookjesRPGBack
10:29:55 AM User clicked button SprookjesRPGToTestTypeChoice
10:30:14 AM System saved game
1:30:26 PM System loaded game
1:30:31 PM System saved game
