11/21/2019
9:42:57 AM System loaded game
9:43:02 AM User clicked button SprookjesRPGToTestTypeChoice
9:43:37 AM System saved game
11:33:02 AM System loaded game
11:33:08 AM User clicked button SprookjesRPGToTestTypeChoice
11:33:19 AM User clicked button SprookjesRPGBack
11:33:21 AM System saved game
11:52:13 AM System loaded game
11:52:17 AM User clicked button SprookjesRPGToTestTypeChoice
11:52:56 AM System saved game
11:53:20 AM System loaded game
11:53:22 AM User clicked button SprookjesRPGToTestTypeChoice
11:53:40 AM System saved game
11:56:27 AM System loaded game
11:56:31 AM User clicked button SprookjesRPGToTestTypeChoice
11:56:49 AM System saved game
11:57:46 AM System loaded game
11:57:50 AM User clicked button SprookjesRPGToTestTypeChoice
11:58:08 AM System saved game
11:58:42 AM System loaded game
11:58:46 AM User clicked button SprookjesRPGToTestTypeChoice
11:59:03 AM System saved game
12:00:10 PM System loaded game
12:00:14 PM User clicked button SprookjesRPGToTestTypeChoice
12:00:29 PM System saved game
12:02:02 PM System loaded game
12:02:05 PM User clicked button SprookjesRPGToTestTypeChoice
12:02:15 PM System saved game
12:02:36 PM System loaded game
12:02:39 PM User clicked button SprookjesRPGToTestTypeChoice
12:02:59 PM System saved game
12:05:51 PM System loaded game
12:05:53 PM User clicked button SprookjesRPGToTestTypeChoice
12:06:05 PM System saved game
12:08:51 PM System loaded game
12:09:14 PM System saved game
12:11:47 PM System loaded game
12:12:19 PM User clicked button SprookjesRPGToTestTypeChoice
12:12:22 PM User clicked button SprookjesRPGBack
12:12:24 PM User clicked button SprookjesRPGToTestTypeChoice
12:12:27 PM User clicked button SprookjesRPGBack
12:12:29 PM User clicked button SprookjesRPGToTestTypeChoice
12:13:22 PM System saved game
12:16:42 PM System loaded game
12:16:50 PM User clicked button SprookjesRPGToTestTypeChoice
12:17:01 PM System saved game
12:20:00 PM System loaded game
12:20:02 PM User clicked button SprookjesRPGToTestTypeChoice
12:20:21 PM System saved game
12:20:56 PM System loaded game
12:20:58 PM User clicked button SprookjesRPGToTestTypeChoice
12:21:26 PM System saved game
12:21:55 PM System loaded game
12:21:59 PM User clicked button SprookjesRPGToTestTypeChoice
12:22:56 PM System saved game
12:25:21 PM System loaded game
12:25:24 PM User clicked button SprookjesRPGToTestTypeChoice
12:26:13 PM User clicked button SprookjesRPGBack
12:26:14 PM User clicked button SprookjesRPGToTestTypeChoice
12:26:20 PM System saved game
12:26:25 PM System loaded game
12:26:32 PM User clicked button SprookjesRPGBack
12:26:35 PM User clicked button SprookjesRPGBack
12:26:37 PM User clicked button SprookjesRPGToTestTypeChoice
12:27:11 PM User clicked button SprookjesRPGBack
12:28:10 PM System saved game
12:28:15 PM System loaded game
12:28:17 PM User clicked button SprookjesRPGToTestTypeChoice
12:31:46 PM System saved game
